Started GET "/" for 127.0.0.1 at 2023-01-10 10:52:15 +0000
  [1m[35m (2.2ms)[0m  [1m[34mSELECT sqlite_version(*)[0m
Processing by Rails::WelcomeController#index as HTML
  Rendering /usr/local/rbenv/versions/2.7.0/lib/ruby/gems/2.7.0/gems/railties-6.0.6/lib/rails/templates/rails/welcome/index.html.erb
  Rendered /usr/local/rbenv/versions/2.7.0/lib/ruby/gems/2.7.0/gems/railties-6.0.6/lib/rails/templates/rails/welcome/index.html.erb (Duration: 21.3ms | Allocations: 492)
Completed 200 OK in 47ms (Views: 29.6ms | ActiveRecord: 0.0ms | Allocations: 3828)


  [1m[35m (0.8ms)[0m  [1m[34mSELECT sqlite_version(*)[0m
  [1m[35m (7.1ms)[0m  [1m[35mCREATE TABLE "schema_migrations" ("version" varchar NOT NULL PRIMARY KEY)[0m
  [1m[35m (4.6ms)[0m  [1m[35mCREATE TABLE "ar_internal_metadata" ("key" varchar NOT NULL PRIMARY KEY, "value" varchar, "created_at" datetime(6) NOT NULL, "updated_at" datetime(6) NOT NULL)[0m
  [1m[35m (0.1ms)[0m  [1m[34mSELECT "schema_migrations"."version" FROM "schema_migrations" ORDER BY "schema_migrations"."version" ASC[0m
Migrating to CreateBooks (20230110114127)
  [1m[35m (0.1ms)[0m  [1m[36mbegin transaction[0m
  [1m[35m (0.4ms)[0m  [1m[35mCREATE TABLE "books" ("id" integer PRIMARY KEY AUTOINCREMENT NOT NULL, "title" varchar, "number_of_pages" integer, "created_at" datetime(6) NOT NULL, "updated_at" datetime(6) NOT NULL)[0m
  [1m[36mActiveRecord::SchemaMigration Create (0.2ms)[0m  [1m[32mINSERT INTO "schema_migrations" ("version") VALUES (?)[0m  [["version", "20230110114127"]]
  [1m[35m (5.2ms)[0m  [1m[36mcommit transaction[0m
  [1m[36mActiveRecord::InternalMetadata Load (0.1ms)[0m  [1m[34mSELECT "ar_internal_metadata".* FROM "ar_internal_metadata" WHERE "ar_internal_metadata"."key" = ? LIMIT ?[0m  [["key", "environment"], ["LIMIT", 1]]
  [1m[35m (0.1ms)[0m  [1m[36mbegin transaction[0m
  [1m[36mActiveRecord::InternalMetadata Create (0.3ms)[0m  [1m[32mINSERT INTO "ar_internal_metadata" ("key", "value", "created_at", "updated_at") VALUES (?, ?, ?, ?)[0m  [["key", "environment"], ["value", "development"], ["created_at", "2023-01-10 11:42:49.270060"], ["updated_at", "2023-01-10 11:42:49.270060"]]
  [1m[35m (4.2ms)[0m  [1m[36mcommit transaction[0m
  [1m[35m (0.1ms)[0m  [1m[34mSELECT sqlite_version(*)[0m
  [1m[35m (0.1ms)[0m  [1m[34mSELECT "schema_migrations"."version" FROM "schema_migrations" ORDER BY "schema_migrations"."version" ASC[0m
Started GET "/" for 127.0.0.1 at 2023-01-10 11:44:59 +0000
  [1m[35m (8.5ms)[0m  [1m[34mSELECT sqlite_version(*)[0m
  [1m[35m (0.2ms)[0m  [1m[34mSELECT "schema_migrations"."version" FROM "schema_migrations" ORDER BY "schema_migrations"."version" ASC[0m
Processing by Rails::WelcomeController#index as HTML
  Rendering /usr/local/rbenv/versions/2.7.0/lib/ruby/gems/2.7.0/gems/railties-6.0.6/lib/rails/templates/rails/welcome/index.html.erb
  Rendered /usr/local/rbenv/versions/2.7.0/lib/ruby/gems/2.7.0/gems/railties-6.0.6/lib/rails/templates/rails/welcome/index.html.erb (Duration: 15.6ms | Allocations: 298)
Completed 200 OK in 35ms (Views: 19.1ms | ActiveRecord: 0.0ms | Allocations: 2568)


Started GET "/books" for 127.0.0.1 at 2023-01-10 11:45:03 +0000
Processing by BooksController#index as HTML
  Rendering books/index.html.erb within layouts/application
  [1m[36mBook Load (0.3ms)[0m  [1m[34mSELECT "books".* FROM "books"[0m
  ↳ app/views/books/index.html.erb:15
  Rendered books/index.html.erb within layouts/application (Duration: 5.7ms | Allocations: 1325)
[Webpacker] Compiling...
[Webpacker] Compiled all packs in /home/ubuntu/it_nihongo3_rails/public/packs
[Webpacker] Though the "loose" option was set to "false" in your @babel/preset-env config, it will not be used for @babel/plugin-proposal-private-property-in-object since the "loose" mode option was set to "true" for @babel/plugin-proposal-class-properties.
The "loose" option must be the same for @babel/plugin-proposal-class-properties, @babel/plugin-proposal-private-methods and @babel/plugin-proposal-private-property-in-object (when they are enabled): you can silence this warning by explicitly adding
	["@babel/plugin-proposal-private-property-in-object", { "loose": true }]
to the "plugins" section of your Babel config.
Though the "loose" option was set to "false" in your @babel/preset-env config, it will not be used for @babel/plugin-proposal-private-methods since the "loose" mode option was set to "true" for @babel/plugin-proposal-private-property-in-object.
The "loose" option must be the same for @babel/plugin-proposal-class-properties, @babel/plugin-proposal-private-methods and @babel/plugin-proposal-private-property-in-object (when they are enabled): you can silence this warning by explicitly adding
	["@babel/plugin-proposal-private-methods", { "loose": true }]
to the "plugins" section of your Babel config.
Though the "loose" option was set to "false" in your @babel/preset-env config, it will not be used for @babel/plugin-proposal-private-property-in-object since the "loose" mode option was set to "true" for @babel/plugin-proposal-class-properties.
The "loose" option must be the same for @babel/plugin-proposal-class-properties, @babel/plugin-proposal-private-methods and @babel/plugin-proposal-private-property-in-object (when they are enabled): you can silence this warning by explicitly adding
	["@babel/plugin-proposal-private-property-in-object", { "loose": true }]
to the "plugins" section of your Babel config.
Though the "loose" option was set to "false" in your @babel/preset-env config, it will not be used for @babel/plugin-proposal-private-methods since the "loose" mode option was set to "true" for @babel/plugin-proposal-private-property-in-object.
The "loose" option must be the same for @babel/plugin-proposal-class-properties, @babel/plugin-proposal-private-methods and @babel/plugin-proposal-private-property-in-object (when they are enabled): you can silence this warning by explicitly adding
	["@babel/plugin-proposal-private-methods", { "loose": true }]
to the "plugins" section of your Babel config.
Though the "loose" option was set to "false" in your @babel/preset-env config, it will not be used for @babel/plugin-proposal-private-property-in-object since the "loose" mode option was set to "true" for @babel/plugin-proposal-class-properties.
The "loose" option must be the same for @babel/plugin-proposal-class-properties, @babel/plugin-proposal-private-methods and @babel/plugin-proposal-private-property-in-object (when they are enabled): you can silence this warning by explicitly adding
	["@babel/plugin-proposal-private-property-in-object", { "loose": true }]
to the "plugins" section of your Babel config.
Though the "loose" option was set to "false" in your @babel/preset-env config, it will not be used for @babel/plugin-proposal-private-methods since the "loose" mode option was set to "true" for @babel/plugin-proposal-private-property-in-object.
The "loose" option must be the same for @babel/plugin-proposal-class-properties, @babel/plugin-proposal-private-methods and @babel/plugin-proposal-private-property-in-object (when they are enabled): you can silence this warning by explicitly adding
	["@babel/plugin-proposal-private-methods", { "loose": true }]
to the "plugins" section of your Babel config.
Though the "loose" option was set to "false" in your @babel/preset-env config, it will not be used for @babel/plugin-proposal-private-property-in-object since the "loose" mode option was set to "true" for @babel/plugin-proposal-class-properties.
The "loose" option must be the same for @babel/plugin-proposal-class-properties, @babel/plugin-proposal-private-methods and @babel/plugin-proposal-private-property-in-object (when they are enabled): you can silence this warning by explicitly adding
	["@babel/plugin-proposal-private-property-in-object", { "loose": true }]
to the "plugins" section of your Babel config.
Though the "loose" option was set to "false" in your @babel/preset-env config, it will not be used for @babel/plugin-proposal-private-methods since the "loose" mode option was set to "true" for @babel/plugin-proposal-private-property-in-object.
The "loose" option must be the same for @babel/plugin-proposal-class-properties, @babel/plugin-proposal-private-methods and @babel/plugin-proposal-private-property-in-object (when they are enabled): you can silence this warning by explicitly adding
	["@babel/plugin-proposal-private-methods", { "loose": true }]
to the "plugins" section of your Babel config.
Though the "loose" option was set to "false" in your @babel/preset-env config, it will not be used for @babel/plugin-proposal-private-property-in-object since the "loose" mode option was set to "true" for @babel/plugin-proposal-class-properties.
The "loose" option must be the same for @babel/plugin-proposal-class-properties, @babel/plugin-proposal-private-methods and @babel/plugin-proposal-private-property-in-object (when they are enabled): you can silence this warning by explicitly adding
	["@babel/plugin-proposal-private-property-in-object", { "loose": true }]
to the "plugins" section of your Babel config.
Though the "loose" option was set to "false" in your @babel/preset-env config, it will not be used for @babel/plugin-proposal-private-methods since the "loose" mode option was set to "true" for @babel/plugin-proposal-private-property-in-object.
The "loose" option must be the same for @babel/plugin-proposal-class-properties, @babel/plugin-proposal-private-methods and @babel/plugin-proposal-private-property-in-object (when they are enabled): you can silence this warning by explicitly adding
	["@babel/plugin-proposal-private-methods", { "loose": true }]
to the "plugins" section of your Babel config.
Though the "loose" option was set to "false" in your @babel/preset-env config, it will not be used for @babel/plugin-proposal-private-property-in-object since the "loose" mode option was set to "true" for @babel/plugin-proposal-class-properties.
The "loose" option must be the same for @babel/plugin-proposal-class-properties, @babel/plugin-proposal-private-methods and @babel/plugin-proposal-private-property-in-object (when they are enabled): you can silence this warning by explicitly adding
	["@babel/plugin-proposal-private-property-in-object", { "loose": true }]
to the "plugins" section of your Babel config.
Though the "loose" option was set to "false" in your @babel/preset-env config, it will not be used for @babel/plugin-proposal-private-methods since the "loose" mode option was set to "true" for @babel/plugin-proposal-private-property-in-object.
The "loose" option must be the same for @babel/plugin-proposal-class-properties, @babel/plugin-proposal-private-methods and @babel/plugin-proposal-private-property-in-object (when they are enabled): you can silence this warning by explicitly adding
	["@babel/plugin-proposal-private-methods", { "loose": true }]
to the "plugins" section of your Babel config.

[Webpacker] Hash: 2ae0aa661aa9dd56988b
Version: webpack 4.46.0
Time: 4957ms
Built at: 01/10/2023 11:45:11 AM
                                     Asset       Size       Chunks                         Chunk Names
    js/application-8a1d395d4fa9724737ec.js    123 KiB  application  [emitted] [immutable]  application
js/application-8a1d395d4fa9724737ec.js.map    136 KiB  application  [emitted] [dev]        application
                             manifest.json  364 bytes               [emitted]              
Entrypoint application = js/application-8a1d395d4fa9724737ec.js js/application-8a1d395d4fa9724737ec.js.map
[./app/javascript/channels sync recursive _channel\.js$] ./app/javascript/channels sync _channel\.js$ 160 bytes {application} [built]
[./app/javascript/channels/index.js] 211 bytes {application} [built]
[./app/javascript/packs/application.js] 748 bytes {application} [built]
[./node_modules/webpack/buildin/module.js] (webpack)/buildin/module.js 553 bytes {application} [built]
    + 3 hidden modules

Completed 200 OK in 8744ms (Views: 8737.7ms | ActiveRecord: 1.2ms | Allocations: 22403)


Started GET "/books/new" for 127.0.0.1 at 2023-01-10 11:45:15 +0000
Processing by BooksController#new as HTML
  Rendering books/new.html.erb within layouts/application
  Rendered books/_form.html.erb (Duration: 41.9ms | Allocations: 4560)
  Rendered books/new.html.erb within layouts/application (Duration: 44.7ms | Allocations: 4906)
[Webpacker] Everything's up-to-date. Nothing to do
Completed 200 OK in 69ms (Views: 53.3ms | ActiveRecord: 6.8ms | Allocations: 11197)


Started POST "/books" for 127.0.0.1 at 2023-01-10 11:45:35 +0000
Processing by BooksController#create as HTML
  Parameters: {"authenticity_token"=>"6RtF1OoeiDAFEIv/vtqzWBfYhoeczDQv0CLHxPldNgmAk1uUJzpMZX7+Wjt0s5HM7Dm7DArPHcvVcui1QRgwGg==", "book"=>{"title"=>"Harry Potter", "number_of_pages"=>"200"}, "commit"=>"Create Book"}
  [1m[35m (0.2ms)[0m  [1m[36mbegin transaction[0m
  ↳ app/controllers/books_controller.rb:27:in `block in create'
  [1m[36mBook Create (3.4ms)[0m  [1m[32mINSERT INTO "books" ("title", "number_of_pages", "created_at", "updated_at") VALUES (?, ?, ?, ?)[0m  [["title", "Harry Potter"], ["number_of_pages", 200], ["created_at", "2023-01-10 11:45:35.539558"], ["updated_at", "2023-01-10 11:45:35.539558"]]
  ↳ app/controllers/books_controller.rb:27:in `block in create'
  [1m[35m (5.6ms)[0m  [1m[36mcommit transaction[0m
  ↳ app/controllers/books_controller.rb:27:in `block in create'
Redirected to https://localhost-ruby-for-it-nihongo3.paiza-user-free.cloud:3000/books/1
Completed 302 Found in 24ms (ActiveRecord: 9.2ms | Allocations: 3868)


Started GET "/books/1" for 127.0.0.1 at 2023-01-10 11:45:35 +0000
Processing by BooksController#show as HTML
  Parameters: {"id"=>"1"}
  [1m[36mBook Load (0.2ms)[0m  [1m[34mSELECT "books".* FROM "books" WHERE "books"."id" = ? LIMIT ?[0m  [["id", 1], ["LIMIT", 1]]
  ↳ app/controllers/books_controller.rb:63:in `set_book'
  Rendering books/show.html.erb within layouts/application
  Rendered books/show.html.erb within layouts/application (Duration: 1.2ms | Allocations: 270)
[Webpacker] Everything's up-to-date. Nothing to do
Completed 200 OK in 16ms (Views: 8.4ms | ActiveRecord: 0.2ms | Allocations: 4839)


Started GET "/books" for 127.0.0.1 at 2023-01-10 11:45:39 +0000
Processing by BooksController#index as HTML
  Rendering books/index.html.erb within layouts/application
  [1m[36mBook Load (0.1ms)[0m  [1m[34mSELECT "books".* FROM "books"[0m
  ↳ app/views/books/index.html.erb:15
  Rendered books/index.html.erb within layouts/application (Duration: 3.0ms | Allocations: 832)
[Webpacker] Everything's up-to-date. Nothing to do
Completed 200 OK in 23ms (Views: 21.6ms | ActiveRecord: 0.1ms | Allocations: 4268)


Started GET "/books/1" for 127.0.0.1 at 2023-01-10 11:45:42 +0000
Processing by BooksController#show as HTML
  Parameters: {"id"=>"1"}
  [1m[36mBook Load (0.1ms)[0m  [1m[34mSELECT "books".* FROM "books" WHERE "books"."id" = ? LIMIT ?[0m  [["id", 1], ["LIMIT", 1]]
  ↳ app/controllers/books_controller.rb:63:in `set_book'
  Rendering books/show.html.erb within layouts/application
  Rendered books/show.html.erb within layouts/application (Duration: 0.3ms | Allocations: 97)
[Webpacker] Everything's up-to-date. Nothing to do
Completed 200 OK in 24ms (Views: 11.6ms | ActiveRecord: 0.1ms | Allocations: 4073)


Started GET "/books" for 127.0.0.1 at 2023-01-10 11:45:43 +0000
Processing by BooksController#index as HTML
  Rendering books/index.html.erb within layouts/application
  [1m[36mBook Load (0.2ms)[0m  [1m[34mSELECT "books".* FROM "books"[0m
  ↳ app/views/books/index.html.erb:15
  Rendered books/index.html.erb within layouts/application (Duration: 1.8ms | Allocations: 820)
[Webpacker] Everything's up-to-date. Nothing to do
Completed 200 OK in 10ms (Views: 7.9ms | ActiveRecord: 0.2ms | Allocations: 4263)


Started GET "/books/1" for 127.0.0.1 at 2023-01-10 11:45:44 +0000
Processing by BooksController#show as HTML
  Parameters: {"id"=>"1"}
  [1m[36mBook Load (0.2ms)[0m  [1m[34mSELECT "books".* FROM "books" WHERE "books"."id" = ? LIMIT ?[0m  [["id", 1], ["LIMIT", 1]]
  ↳ app/controllers/books_controller.rb:63:in `set_book'
  Rendering books/show.html.erb within layouts/application
  Rendered books/show.html.erb within layouts/application (Duration: 0.3ms | Allocations: 97)
[Webpacker] Everything's up-to-date. Nothing to do
Completed 200 OK in 12ms (Views: 8.2ms | ActiveRecord: 0.2ms | Allocations: 4061)


Started GET "/books" for 127.0.0.1 at 2023-01-10 11:45:45 +0000
Processing by BooksController#index as HTML
  Rendering books/index.html.erb within layouts/application
  [1m[36mBook Load (0.1ms)[0m  [1m[34mSELECT "books".* FROM "books"[0m
  ↳ app/views/books/index.html.erb:15
  Rendered books/index.html.erb within layouts/application (Duration: 1.8ms | Allocations: 818)
[Webpacker] Everything's up-to-date. Nothing to do
Completed 200 OK in 11ms (Views: 8.3ms | ActiveRecord: 0.1ms | Allocations: 4258)


Started GET "/books/1/edit" for 127.0.0.1 at 2023-01-10 11:45:46 +0000
Processing by BooksController#edit as HTML
  Parameters: {"id"=>"1"}
  [1m[36mBook Load (0.1ms)[0m  [1m[34mSELECT "books".* FROM "books" WHERE "books"."id" = ? LIMIT ?[0m  [["id", 1], ["LIMIT", 1]]
  ↳ app/controllers/books_controller.rb:63:in `set_book'
  Rendering books/edit.html.erb within layouts/application
  Rendered books/_form.html.erb (Duration: 3.1ms | Allocations: 1000)
  Rendered books/edit.html.erb within layouts/application (Duration: 8.4ms | Allocations: 1256)
[Webpacker] Everything's up-to-date. Nothing to do
Completed 200 OK in 25ms (Views: 22.7ms | ActiveRecord: 0.1ms | Allocations: 5366)


Started GET "/books" for 127.0.0.1 at 2023-01-10 11:45:48 +0000
Processing by BooksController#index as HTML
  Rendering books/index.html.erb within layouts/application
  [1m[36mBook Load (0.9ms)[0m  [1m[34mSELECT "books".* FROM "books"[0m
  ↳ app/views/books/index.html.erb:15
  Rendered books/index.html.erb within layouts/application (Duration: 3.7ms | Allocations: 821)
[Webpacker] Everything's up-to-date. Nothing to do
Completed 200 OK in 16ms (Views: 13.3ms | ActiveRecord: 0.9ms | Allocations: 4270)


Started GET "/books/new" for 127.0.0.1 at 2023-01-10 11:45:50 +0000
Processing by BooksController#new as HTML
  Rendering books/new.html.erb within layouts/application
  Rendered books/_form.html.erb (Duration: 1.6ms | Allocations: 888)
  Rendered books/new.html.erb within layouts/application (Duration: 1.8ms | Allocations: 979)
[Webpacker] Everything's up-to-date. Nothing to do
Completed 200 OK in 9ms (Views: 6.9ms | ActiveRecord: 0.0ms | Allocations: 4419)


Started POST "/books" for 127.0.0.1 at 2023-01-10 11:46:02 +0000
Processing by BooksController#create as HTML
  Parameters: {"authenticity_token"=>"HQp38WyLc1AthoiENxlBblJIJLvDvKo94Pi1pchn+7d0gmmxoa+3BVZoWUD9cGP6qakZMFW/g9nlqJrUcCL9pA==", "book"=>{"title"=>"Cat Story", "number_of_pages"=>"150"}, "commit"=>"Create Book"}
  [1m[35m (0.1ms)[0m  [1m[36mbegin transaction[0m
  ↳ app/controllers/books_controller.rb:27:in `block in create'
  [1m[36mBook Create (3.8ms)[0m  [1m[32mINSERT INTO "books" ("title", "number_of_pages", "created_at", "updated_at") VALUES (?, ?, ?, ?)[0m  [["title", "Cat Story"], ["number_of_pages", 150], ["created_at", "2023-01-10 11:46:02.366031"], ["updated_at", "2023-01-10 11:46:02.366031"]]
  ↳ app/controllers/books_controller.rb:27:in `block in create'
  [1m[35m (6.7ms)[0m  [1m[36mcommit transaction[0m
  ↳ app/controllers/books_controller.rb:27:in `block in create'
Redirected to https://localhost-ruby-for-it-nihongo3.paiza-user-free.cloud:3000/books/2
Completed 302 Found in 32ms (ActiveRecord: 10.5ms | Allocations: 3632)


Started GET "/books/2" for 127.0.0.1 at 2023-01-10 11:46:02 +0000
Processing by BooksController#show as HTML
  Parameters: {"id"=>"2"}
  [1m[36mBook Load (0.3ms)[0m  [1m[34mSELECT "books".* FROM "books" WHERE "books"."id" = ? LIMIT ?[0m  [["id", 2], ["LIMIT", 1]]
  ↳ app/controllers/books_controller.rb:63:in `set_book'
  Rendering books/show.html.erb within layouts/application
  Rendered books/show.html.erb within layouts/application (Duration: 0.7ms | Allocations: 99)
[Webpacker] Everything's up-to-date. Nothing to do
Completed 200 OK in 68ms (Views: 57.7ms | ActiveRecord: 0.3ms | Allocations: 4095)


Started GET "/books" for 127.0.0.1 at 2023-01-10 11:46:04 +0000
Processing by BooksController#index as HTML
  Rendering books/index.html.erb within layouts/application
  [1m[36mBook Load (0.1ms)[0m  [1m[34mSELECT "books".* FROM "books"[0m
  ↳ app/views/books/index.html.erb:15
  Rendered books/index.html.erb within layouts/application (Duration: 1.8ms | Allocations: 988)
[Webpacker] Everything's up-to-date. Nothing to do
Completed 200 OK in 14ms (Views: 13.0ms | ActiveRecord: 0.1ms | Allocations: 4420)


Started GET "/" for 127.0.0.1 at 2023-01-12 09:39:55 +0000
  [1m[35m (2.2ms)[0m  [1m[34mSELECT sqlite_version(*)[0m
  [1m[35m (0.2ms)[0m  [1m[34mSELECT "schema_migrations"."version" FROM "schema_migrations" ORDER BY "schema_migrations"."version" ASC[0m
Processing by Rails::WelcomeController#index as HTML
  Rendering /usr/local/rbenv/versions/2.7.0/lib/ruby/gems/2.7.0/gems/railties-6.0.6/lib/rails/templates/rails/welcome/index.html.erb
  Rendered /usr/local/rbenv/versions/2.7.0/lib/ruby/gems/2.7.0/gems/railties-6.0.6/lib/rails/templates/rails/welcome/index.html.erb (Duration: 23.0ms | Allocations: 410)
Completed 200 OK in 50ms (Views: 30.6ms | ActiveRecord: 0.0ms | Allocations: 3794)


Started GET "/books" for 127.0.0.1 at 2023-01-12 09:39:57 +0000
Processing by BooksController#index as HTML
  Rendering books/index.html.erb within layouts/application
  [1m[36mBook Load (0.4ms)[0m  [1m[34mSELECT "books".* FROM "books"[0m
  ↳ app/views/books/index.html.erb:15
  Rendered books/index.html.erb within layouts/application (Duration: 11.6ms | Allocations: 4440)
[Webpacker] Everything's up-to-date. Nothing to do
Completed 200 OK in 64ms (Views: 58.4ms | ActiveRecord: 1.1ms | Allocations: 11676)


Started GET "/" for 127.0.0.1 at 2023-01-12 09:51:46 +0000
  [1m[35m (0.7ms)[0m  [1m[34mSELECT sqlite_version(*)[0m
  [1m[35m (0.2ms)[0m  [1m[34mSELECT "schema_migrations"."version" FROM "schema_migrations" ORDER BY "schema_migrations"."version" ASC[0m
  
ActiveRecord::PendingMigrationError (

Migrations are pending. To resolve this issue, run:

        rails db:migrate RAILS_ENV=development

):
  
activerecord (6.0.6) lib/active_record/migration.rb:586:in `check_pending!'
activerecord (6.0.6) lib/active_record/migration.rb:564:in `call'
actionpack (6.0.6) lib/action_dispatch/middleware/callbacks.rb:27:in `block in call'
activesupport (6.0.6) lib/active_support/callbacks.rb:101:in `run_callbacks'
actionpack (6.0.6) lib/action_dispatch/middleware/callbacks.rb:26:in `call'
actionpack (6.0.6) lib/action_dispatch/middleware/executor.rb:14:in `call'
actionpack (6.0.6) lib/action_dispatch/middleware/actionable_exceptions.rb:18:in `call'
actionpack (6.0.6) lib/action_dispatch/middleware/debug_exceptions.rb:32:in `call'
web-console (4.2.0) lib/web_console/middleware.rb:132:in `call_app'
web-console (4.2.0) lib/web_console/middleware.rb:28:in `block in call'
web-console (4.2.0) lib/web_console/middleware.rb:17:in `catch'
web-console (4.2.0) lib/web_console/middleware.rb:17:in `call'
actionpack (6.0.6) lib/action_dispatch/middleware/show_exceptions.rb:33:in `call'
railties (6.0.6) lib/rails/rack/logger.rb:37:in `call_app'
railties (6.0.6) lib/rails/rack/logger.rb:26:in `block in call'
activesupport (6.0.6) lib/active_support/tagged_logging.rb:80:in `block in tagged'
activesupport (6.0.6) lib/active_support/tagged_logging.rb:28:in `tagged'
activesupport (6.0.6) lib/active_support/tagged_logging.rb:80:in `tagged'
railties (6.0.6) lib/rails/rack/logger.rb:26:in `call'
sprockets-rails (3.4.2) lib/sprockets/rails/quiet_assets.rb:13:in `call'
actionpack (6.0.6) lib/action_dispatch/middleware/remote_ip.rb:81:in `call'
actionpack (6.0.6) lib/action_dispatch/middleware/request_id.rb:27:in `call'
rack (2.2.5) lib/rack/method_override.rb:24:in `call'
rack (2.2.5) lib/rack/runtime.rb:22:in `call'
activesupport (6.0.6) lib/active_support/cache/strategy/local_cache_middleware.rb:29:in `call'
actionpack (6.0.6) lib/action_dispatch/middleware/executor.rb:14:in `call'
actionpack (6.0.6) lib/action_dispatch/middleware/static.rb:126:in `call'
rack (2.2.5) lib/rack/sendfile.rb:110:in `call'
actionpack (6.0.6) lib/action_dispatch/middleware/host_authorization.rb:97:in `call'
webpacker (4.3.0) lib/webpacker/dev_server_proxy.rb:23:in `perform_request'
rack-proxy (0.7.4) lib/rack/proxy.rb:78:in `call'
railties (6.0.6) lib/rails/engine.rb:527:in `call'
puma (4.3.12) lib/puma/configuration.rb:228:in `call'
puma (4.3.12) lib/puma/server.rb:727:in `handle_request'
puma (4.3.12) lib/puma/server.rb:476:in `process_client'
puma (4.3.12) lib/puma/server.rb:332:in `block in run'
puma (4.3.12) lib/puma/thread_pool.rb:134:in `block in spawn_thread'
Started GET "/books" for 127.0.0.1 at 2023-01-12 09:51:57 +0000
  [1m[35m (0.3ms)[0m  [1m[34mSELECT "schema_migrations"."version" FROM "schema_migrations" ORDER BY "schema_migrations"."version" ASC[0m
  
ActiveRecord::PendingMigrationError (

Migrations are pending. To resolve this issue, run:

        rails db:migrate RAILS_ENV=development

):
  
activerecord (6.0.6) lib/active_record/migration.rb:586:in `check_pending!'
activerecord (6.0.6) lib/active_record/migration.rb:564:in `call'
actionpack (6.0.6) lib/action_dispatch/middleware/callbacks.rb:27:in `block in call'
activesupport (6.0.6) lib/active_support/callbacks.rb:101:in `run_callbacks'
actionpack (6.0.6) lib/action_dispatch/middleware/callbacks.rb:26:in `call'
actionpack (6.0.6) lib/action_dispatch/middleware/executor.rb:14:in `call'
actionpack (6.0.6) lib/action_dispatch/middleware/actionable_exceptions.rb:18:in `call'
actionpack (6.0.6) lib/action_dispatch/middleware/debug_exceptions.rb:32:in `call'
web-console (4.2.0) lib/web_console/middleware.rb:132:in `call_app'
web-console (4.2.0) lib/web_console/middleware.rb:28:in `block in call'
web-console (4.2.0) lib/web_console/middleware.rb:17:in `catch'
web-console (4.2.0) lib/web_console/middleware.rb:17:in `call'
actionpack (6.0.6) lib/action_dispatch/middleware/show_exceptions.rb:33:in `call'
railties (6.0.6) lib/rails/rack/logger.rb:37:in `call_app'
railties (6.0.6) lib/rails/rack/logger.rb:26:in `block in call'
activesupport (6.0.6) lib/active_support/tagged_logging.rb:80:in `block in tagged'
activesupport (6.0.6) lib/active_support/tagged_logging.rb:28:in `tagged'
activesupport (6.0.6) lib/active_support/tagged_logging.rb:80:in `tagged'
railties (6.0.6) lib/rails/rack/logger.rb:26:in `call'
sprockets-rails (3.4.2) lib/sprockets/rails/quiet_assets.rb:13:in `call'
actionpack (6.0.6) lib/action_dispatch/middleware/remote_ip.rb:81:in `call'
actionpack (6.0.6) lib/action_dispatch/middleware/request_id.rb:27:in `call'
rack (2.2.5) lib/rack/method_override.rb:24:in `call'
rack (2.2.5) lib/rack/runtime.rb:22:in `call'
activesupport (6.0.6) lib/active_support/cache/strategy/local_cache_middleware.rb:29:in `call'
actionpack (6.0.6) lib/action_dispatch/middleware/executor.rb:14:in `call'
actionpack (6.0.6) lib/action_dispatch/middleware/static.rb:126:in `call'
rack (2.2.5) lib/rack/sendfile.rb:110:in `call'
actionpack (6.0.6) lib/action_dispatch/middleware/host_authorization.rb:97:in `call'
webpacker (4.3.0) lib/webpacker/dev_server_proxy.rb:23:in `perform_request'
rack-proxy (0.7.4) lib/rack/proxy.rb:78:in `call'
railties (6.0.6) lib/rails/engine.rb:527:in `call'
puma (4.3.12) lib/puma/configuration.rb:228:in `call'
puma (4.3.12) lib/puma/server.rb:727:in `handle_request'
puma (4.3.12) lib/puma/server.rb:476:in `process_client'
puma (4.3.12) lib/puma/server.rb:332:in `block in run'
puma (4.3.12) lib/puma/thread_pool.rb:134:in `block in spawn_thread'
Started GET "/user/sign_in" for 127.0.0.1 at 2023-01-12 09:52:09 +0000
  [1m[35m (0.1ms)[0m  [1m[34mSELECT "schema_migrations"."version" FROM "schema_migrations" ORDER BY "schema_migrations"."version" ASC[0m
  
ActiveRecord::PendingMigrationError (

Migrations are pending. To resolve this issue, run:

        rails db:migrate RAILS_ENV=development

):
  
activerecord (6.0.6) lib/active_record/migration.rb:586:in `check_pending!'
activerecord (6.0.6) lib/active_record/migration.rb:564:in `call'
actionpack (6.0.6) lib/action_dispatch/middleware/callbacks.rb:27:in `block in call'
activesupport (6.0.6) lib/active_support/callbacks.rb:101:in `run_callbacks'
actionpack (6.0.6) lib/action_dispatch/middleware/callbacks.rb:26:in `call'
actionpack (6.0.6) lib/action_dispatch/middleware/executor.rb:14:in `call'
actionpack (6.0.6) lib/action_dispatch/middleware/actionable_exceptions.rb:18:in `call'
actionpack (6.0.6) lib/action_dispatch/middleware/debug_exceptions.rb:32:in `call'
web-console (4.2.0) lib/web_console/middleware.rb:132:in `call_app'
web-console (4.2.0) lib/web_console/middleware.rb:28:in `block in call'
web-console (4.2.0) lib/web_console/middleware.rb:17:in `catch'
web-console (4.2.0) lib/web_console/middleware.rb:17:in `call'
actionpack (6.0.6) lib/action_dispatch/middleware/show_exceptions.rb:33:in `call'
railties (6.0.6) lib/rails/rack/logger.rb:37:in `call_app'
railties (6.0.6) lib/rails/rack/logger.rb:26:in `block in call'
activesupport (6.0.6) lib/active_support/tagged_logging.rb:80:in `block in tagged'
activesupport (6.0.6) lib/active_support/tagged_logging.rb:28:in `tagged'
activesupport (6.0.6) lib/active_support/tagged_logging.rb:80:in `tagged'
railties (6.0.6) lib/rails/rack/logger.rb:26:in `call'
sprockets-rails (3.4.2) lib/sprockets/rails/quiet_assets.rb:13:in `call'
actionpack (6.0.6) lib/action_dispatch/middleware/remote_ip.rb:81:in `call'
actionpack (6.0.6) lib/action_dispatch/middleware/request_id.rb:27:in `call'
rack (2.2.5) lib/rack/method_override.rb:24:in `call'
rack (2.2.5) lib/rack/runtime.rb:22:in `call'
activesupport (6.0.6) lib/active_support/cache/strategy/local_cache_middleware.rb:29:in `call'
actionpack (6.0.6) lib/action_dispatch/middleware/executor.rb:14:in `call'
actionpack (6.0.6) lib/action_dispatch/middleware/static.rb:126:in `call'
rack (2.2.5) lib/rack/sendfile.rb:110:in `call'
actionpack (6.0.6) lib/action_dispatch/middleware/host_authorization.rb:97:in `call'
webpacker (4.3.0) lib/webpacker/dev_server_proxy.rb:23:in `perform_request'
rack-proxy (0.7.4) lib/rack/proxy.rb:78:in `call'
railties (6.0.6) lib/rails/engine.rb:527:in `call'
puma (4.3.12) lib/puma/configuration.rb:228:in `call'
puma (4.3.12) lib/puma/server.rb:727:in `handle_request'
puma (4.3.12) lib/puma/server.rb:476:in `process_client'
puma (4.3.12) lib/puma/server.rb:332:in `block in run'
puma (4.3.12) lib/puma/thread_pool.rb:134:in `block in spawn_thread'
Started GET "/user/sign_in" for 127.0.0.1 at 2023-01-12 09:52:12 +0000
  [1m[35m (0.1ms)[0m  [1m[34mSELECT "schema_migrations"."version" FROM "schema_migrations" ORDER BY "schema_migrations"."version" ASC[0m
  
ActiveRecord::PendingMigrationError (

Migrations are pending. To resolve this issue, run:

        rails db:migrate RAILS_ENV=development

):
  
activerecord (6.0.6) lib/active_record/migration.rb:586:in `check_pending!'
activerecord (6.0.6) lib/active_record/migration.rb:564:in `call'
actionpack (6.0.6) lib/action_dispatch/middleware/callbacks.rb:27:in `block in call'
activesupport (6.0.6) lib/active_support/callbacks.rb:101:in `run_callbacks'
actionpack (6.0.6) lib/action_dispatch/middleware/callbacks.rb:26:in `call'
actionpack (6.0.6) lib/action_dispatch/middleware/executor.rb:14:in `call'
actionpack (6.0.6) lib/action_dispatch/middleware/actionable_exceptions.rb:18:in `call'
actionpack (6.0.6) lib/action_dispatch/middleware/debug_exceptions.rb:32:in `call'
web-console (4.2.0) lib/web_console/middleware.rb:132:in `call_app'
web-console (4.2.0) lib/web_console/middleware.rb:28:in `block in call'
web-console (4.2.0) lib/web_console/middleware.rb:17:in `catch'
web-console (4.2.0) lib/web_console/middleware.rb:17:in `call'
actionpack (6.0.6) lib/action_dispatch/middleware/show_exceptions.rb:33:in `call'
railties (6.0.6) lib/rails/rack/logger.rb:37:in `call_app'
railties (6.0.6) lib/rails/rack/logger.rb:26:in `block in call'
activesupport (6.0.6) lib/active_support/tagged_logging.rb:80:in `block in tagged'
activesupport (6.0.6) lib/active_support/tagged_logging.rb:28:in `tagged'
activesupport (6.0.6) lib/active_support/tagged_logging.rb:80:in `tagged'
railties (6.0.6) lib/rails/rack/logger.rb:26:in `call'
sprockets-rails (3.4.2) lib/sprockets/rails/quiet_assets.rb:13:in `call'
actionpack (6.0.6) lib/action_dispatch/middleware/remote_ip.rb:81:in `call'
actionpack (6.0.6) lib/action_dispatch/middleware/request_id.rb:27:in `call'
rack (2.2.5) lib/rack/method_override.rb:24:in `call'
rack (2.2.5) lib/rack/runtime.rb:22:in `call'
activesupport (6.0.6) lib/active_support/cache/strategy/local_cache_middleware.rb:29:in `call'
actionpack (6.0.6) lib/action_dispatch/middleware/executor.rb:14:in `call'
actionpack (6.0.6) lib/action_dispatch/middleware/static.rb:126:in `call'
rack (2.2.5) lib/rack/sendfile.rb:110:in `call'
actionpack (6.0.6) lib/action_dispatch/middleware/host_authorization.rb:97:in `call'
webpacker (4.3.0) lib/webpacker/dev_server_proxy.rb:23:in `perform_request'
rack-proxy (0.7.4) lib/rack/proxy.rb:78:in `call'
railties (6.0.6) lib/rails/engine.rb:527:in `call'
puma (4.3.12) lib/puma/configuration.rb:228:in `call'
puma (4.3.12) lib/puma/server.rb:727:in `handle_request'
puma (4.3.12) lib/puma/server.rb:476:in `process_client'
puma (4.3.12) lib/puma/server.rb:332:in `block in run'
puma (4.3.12) lib/puma/thread_pool.rb:134:in `block in spawn_thread'
  [1m[35m (0.7ms)[0m  [1m[34mSELECT sqlite_version(*)[0m
  [1m[35m (0.1ms)[0m  [1m[34mSELECT sqlite_version(*)[0m
  [1m[35m (0.5ms)[0m  [1m[34mSELECT sqlite_version(*)[0m
  [1m[35m (4.2ms)[0m  [1m[35mCREATE TABLE "schema_migrations" ("version" varchar NOT NULL PRIMARY KEY)[0m
  [1m[35m (4.2ms)[0m  [1m[35mCREATE TABLE "ar_internal_metadata" ("key" varchar NOT NULL PRIMARY KEY, "value" varchar, "created_at" datetime(6) NOT NULL, "updated_at" datetime(6) NOT NULL)[0m
  [1m[35m (0.2ms)[0m  [1m[34mSELECT "schema_migrations"."version" FROM "schema_migrations" ORDER BY "schema_migrations"."version" ASC[0m
Migrating to CreateBooks (20230110114127)
  [1m[35m (0.1ms)[0m  [1m[36mbegin transaction[0m
  [1m[35m (0.4ms)[0m  [1m[35mCREATE TABLE "books" ("id" integer PRIMARY KEY AUTOINCREMENT NOT NULL, "title" varchar, "number_of_pages" integer, "created_at" datetime(6) NOT NULL, "updated_at" datetime(6) NOT NULL)[0m
  [1m[36mActiveRecord::SchemaMigration Create (0.2ms)[0m  [1m[32mINSERT INTO "schema_migrations" ("version") VALUES (?)[0m  [["version", "20230110114127"]]
  [1m[35m (4.0ms)[0m  [1m[36mcommit transaction[0m
Migrating to DeviseCreateUsers (20230112094123)
  [1m[35m (0.1ms)[0m  [1m[36mbegin transaction[0m
  [1m[35m (0.7ms)[0m  [1m[35mCREATE TABLE "users" ("id" integer PRIMARY KEY AUTOINCREMENT NOT NULL, "email" varchar DEFAULT '' NOT NULL, "encrypted_password" varchar DEFAULT '' NOT NULL, "reset_password_token" varchar, "reset_password_sent_at" datetime, "remember_created_at" datetime, "created_at" datetime(6) NOT NULL, "updated_at" datetime(6) NOT NULL)[0m
  [1m[35m (0.2ms)[0m  [1m[35mCREATE UNIQUE INDEX "index_users_on_email" ON "users" ("email")[0m
  [1m[35m (0.1ms)[0m  [1m[35mCREATE UNIQUE INDEX "index_users_on_reset_password_token" ON "users" ("reset_password_token")[0m
  [1m[36mActiveRecord::SchemaMigration Create (0.2ms)[0m  [1m[32mINSERT INTO "schema_migrations" ("version") VALUES (?)[0m  [["version", "20230112094123"]]
  [1m[35m (4.5ms)[0m  [1m[36mcommit transaction[0m
  [1m[36mActiveRecord::InternalMetadata Load (0.3ms)[0m  [1m[34mSELECT "ar_internal_metadata".* FROM "ar_internal_metadata" WHERE "ar_internal_metadata"."key" = ? LIMIT ?[0m  [["key", "environment"], ["LIMIT", 1]]
  [1m[35m (0.1ms)[0m  [1m[36mbegin transaction[0m
  [1m[36mActiveRecord::InternalMetadata Create (0.7ms)[0m  [1m[32mINSERT INTO "ar_internal_metadata" ("key", "value", "created_at", "updated_at") VALUES (?, ?, ?, ?)[0m  [["key", "environment"], ["value", "development"], ["created_at", "2023-01-12 09:54:23.457831"], ["updated_at", "2023-01-12 09:54:23.457831"]]
  [1m[35m (3.4ms)[0m  [1m[36mcommit transaction[0m
  [1m[35m (0.1ms)[0m  [1m[34mSELECT sqlite_version(*)[0m
  [1m[35m (0.1ms)[0m  [1m[34mSELECT "schema_migrations"."version" FROM "schema_migrations" ORDER BY "schema_migrations"."version" ASC[0m
Started GET "/user/sign_in" for 127.0.0.1 at 2023-01-12 09:54:38 +0000
  [1m[35m (0.6ms)[0m  [1m[34mSELECT sqlite_version(*)[0m
  [1m[35m (0.2ms)[0m  [1m[34mSELECT "schema_migrations"."version" FROM "schema_migrations" ORDER BY "schema_migrations"."version" ASC[0m
  
ActionController::RoutingError (No route matches [GET] "/user/sign_in"):
  
actionpack (6.0.6) lib/action_dispatch/middleware/debug_exceptions.rb:36:in `call'
web-console (4.2.0) lib/web_console/middleware.rb:132:in `call_app'
web-console (4.2.0) lib/web_console/middleware.rb:28:in `block in call'
web-console (4.2.0) lib/web_console/middleware.rb:17:in `catch'
web-console (4.2.0) lib/web_console/middleware.rb:17:in `call'
actionpack (6.0.6) lib/action_dispatch/middleware/show_exceptions.rb:33:in `call'
railties (6.0.6) lib/rails/rack/logger.rb:37:in `call_app'
railties (6.0.6) lib/rails/rack/logger.rb:26:in `block in call'
activesupport (6.0.6) lib/active_support/tagged_logging.rb:80:in `block in tagged'
activesupport (6.0.6) lib/active_support/tagged_logging.rb:28:in `tagged'
activesupport (6.0.6) lib/active_support/tagged_logging.rb:80:in `tagged'
railties (6.0.6) lib/rails/rack/logger.rb:26:in `call'
sprockets-rails (3.4.2) lib/sprockets/rails/quiet_assets.rb:13:in `call'
actionpack (6.0.6) lib/action_dispatch/middleware/remote_ip.rb:81:in `call'
actionpack (6.0.6) lib/action_dispatch/middleware/request_id.rb:27:in `call'
rack (2.2.5) lib/rack/method_override.rb:24:in `call'
rack (2.2.5) lib/rack/runtime.rb:22:in `call'
activesupport (6.0.6) lib/active_support/cache/strategy/local_cache_middleware.rb:29:in `call'
actionpack (6.0.6) lib/action_dispatch/middleware/executor.rb:14:in `call'
actionpack (6.0.6) lib/action_dispatch/middleware/static.rb:126:in `call'
rack (2.2.5) lib/rack/sendfile.rb:110:in `call'
actionpack (6.0.6) lib/action_dispatch/middleware/host_authorization.rb:97:in `call'
webpacker (4.3.0) lib/webpacker/dev_server_proxy.rb:23:in `perform_request'
rack-proxy (0.7.4) lib/rack/proxy.rb:78:in `call'
railties (6.0.6) lib/rails/engine.rb:527:in `call'
puma (4.3.12) lib/puma/configuration.rb:228:in `call'
puma (4.3.12) lib/puma/server.rb:727:in `handle_request'
puma (4.3.12) lib/puma/server.rb:476:in `process_client'
puma (4.3.12) lib/puma/server.rb:332:in `block in run'
puma (4.3.12) lib/puma/thread_pool.rb:134:in `block in spawn_thread'
Started GET "/users/sign_in" for 127.0.0.1 at 2023-01-12 09:54:44 +0000
Processing by Devise::SessionsController#new as HTML
  Rendering /usr/local/rbenv/versions/2.7.0/lib/ruby/gems/2.7.0/gems/devise-4.8.1/app/views/devise/sessions/new.html.erb within layouts/application
  Rendered /usr/local/rbenv/versions/2.7.0/lib/ruby/gems/2.7.0/gems/devise-4.8.1/app/views/devise/shared/_links.html.erb (Duration: 1.6ms | Allocations: 610)
  Rendered /usr/local/rbenv/versions/2.7.0/lib/ruby/gems/2.7.0/gems/devise-4.8.1/app/views/devise/sessions/new.html.erb within layouts/application (Duration: 52.7ms | Allocations: 7710)
[Webpacker] Everything's up-to-date. Nothing to do
Completed 200 OK in 103ms (Views: 83.7ms | ActiveRecord: 1.1ms | Allocations: 21234)


Started GET "/" for 127.0.0.1 at 2023-01-12 10:04:16 +0000
  [1m[35m (0.8ms)[0m  [1m[34mSELECT sqlite_version(*)[0m
  [1m[35m (0.2ms)[0m  [1m[34mSELECT "schema_migrations"."version" FROM "schema_migrations" ORDER BY "schema_migrations"."version" ASC[0m
Processing by Rails::WelcomeController#index as HTML
  Rendering /usr/local/rbenv/versions/2.7.0/lib/ruby/gems/2.7.0/gems/railties-6.0.6/lib/rails/templates/rails/welcome/index.html.erb
  Rendered /usr/local/rbenv/versions/2.7.0/lib/ruby/gems/2.7.0/gems/railties-6.0.6/lib/rails/templates/rails/welcome/index.html.erb (Duration: 10.1ms | Allocations: 298)
Completed 200 OK in 23ms (Views: 12.6ms | ActiveRecord: 0.0ms | Allocations: 2769)


Started GET "/" for 127.0.0.1 at 2023-01-12 10:04:21 +0000
Processing by Rails::WelcomeController#index as HTML
  Rendering /usr/local/rbenv/versions/2.7.0/lib/ruby/gems/2.7.0/gems/railties-6.0.6/lib/rails/templates/rails/welcome/index.html.erb
  Rendered /usr/local/rbenv/versions/2.7.0/lib/ruby/gems/2.7.0/gems/railties-6.0.6/lib/rails/templates/rails/welcome/index.html.erb (Duration: 7.2ms | Allocations: 179)
Completed 200 OK in 9ms (Views: 8.2ms | ActiveRecord: 0.0ms | Allocations: 893)


Started GET "/" for 127.0.0.1 at 2023-01-12 10:04:23 +0000
Processing by Rails::WelcomeController#index as HTML
  Rendering /usr/local/rbenv/versions/2.7.0/lib/ruby/gems/2.7.0/gems/railties-6.0.6/lib/rails/templates/rails/welcome/index.html.erb
  Rendered /usr/local/rbenv/versions/2.7.0/lib/ruby/gems/2.7.0/gems/railties-6.0.6/lib/rails/templates/rails/welcome/index.html.erb (Duration: 0.8ms | Allocations: 8)
Completed 200 OK in 3ms (Views: 1.8ms | ActiveRecord: 0.0ms | Allocations: 407)


Started GET "/" for 127.0.0.1 at 2023-01-12 10:05:20 +0000
  [1m[35m (0.7ms)[0m  [1m[34mSELECT sqlite_version(*)[0m
  [1m[35m (0.6ms)[0m  [1m[34mSELECT "schema_migrations"."version" FROM "schema_migrations" ORDER BY "schema_migrations"."version" ASC[0m
Processing by Rails::WelcomeController#index as HTML
  Rendering /usr/local/rbenv/versions/2.7.0/lib/ruby/gems/2.7.0/gems/railties-6.0.6/lib/rails/templates/rails/welcome/index.html.erb
  Rendered /usr/local/rbenv/versions/2.7.0/lib/ruby/gems/2.7.0/gems/railties-6.0.6/lib/rails/templates/rails/welcome/index.html.erb (Duration: 9.1ms | Allocations: 298)
Completed 200 OK in 24ms (Views: 14.5ms | ActiveRecord: 0.0ms | Allocations: 2779)


Started GET "/users/sign_in" for 127.0.0.1 at 2023-01-12 10:05:36 +0000
Processing by Devise::SessionsController#new as HTML
  Rendering /usr/local/rbenv/versions/2.7.0/lib/ruby/gems/2.7.0/gems/devise-4.8.1/app/views/devise/sessions/new.html.erb within layouts/application
  Rendered /usr/local/rbenv/versions/2.7.0/lib/ruby/gems/2.7.0/gems/devise-4.8.1/app/views/devise/shared/_links.html.erb (Duration: 1.9ms | Allocations: 611)
  Rendered /usr/local/rbenv/versions/2.7.0/lib/ruby/gems/2.7.0/gems/devise-4.8.1/app/views/devise/sessions/new.html.erb within layouts/application (Duration: 21.3ms | Allocations: 5170)
[Webpacker] Everything's up-to-date. Nothing to do
Completed 200 OK in 112ms (Views: 97.4ms | ActiveRecord: 0.9ms | Allocations: 30537)


Started GET "/users/sign_up" for 127.0.0.1 at 2023-01-12 10:06:18 +0000
Processing by Devise::RegistrationsController#new as HTML
  Rendering /usr/local/rbenv/versions/2.7.0/lib/ruby/gems/2.7.0/gems/devise-4.8.1/app/views/devise/registrations/new.html.erb within layouts/application
  Rendered /usr/local/rbenv/versions/2.7.0/lib/ruby/gems/2.7.0/gems/devise-4.8.1/app/views/devise/shared/_error_messages.html.erb (Duration: 1.1ms | Allocations: 198)
  Rendered /usr/local/rbenv/versions/2.7.0/lib/ruby/gems/2.7.0/gems/devise-4.8.1/app/views/devise/shared/_links.html.erb (Duration: 0.5ms | Allocations: 129)
  Rendered /usr/local/rbenv/versions/2.7.0/lib/ruby/gems/2.7.0/gems/devise-4.8.1/app/views/devise/registrations/new.html.erb within layouts/application (Duration: 25.5ms | Allocations: 2139)
[Webpacker] Everything's up-to-date. Nothing to do
Completed 200 OK in 43ms (Views: 40.4ms | ActiveRecord: 0.0ms | Allocations: 6538)


Started GET "/users/sign_in" for 127.0.0.1 at 2023-01-12 10:06:20 +0000
Processing by Devise::SessionsController#new as HTML
  Rendering /usr/local/rbenv/versions/2.7.0/lib/ruby/gems/2.7.0/gems/devise-4.8.1/app/views/devise/sessions/new.html.erb within layouts/application
  Rendered /usr/local/rbenv/versions/2.7.0/lib/ruby/gems/2.7.0/gems/devise-4.8.1/app/views/devise/shared/_links.html.erb (Duration: 0.2ms | Allocations: 149)
  Rendered /usr/local/rbenv/versions/2.7.0/lib/ruby/gems/2.7.0/gems/devise-4.8.1/app/views/devise/sessions/new.html.erb within layouts/application (Duration: 2.5ms | Allocations: 1330)
[Webpacker] Everything's up-to-date. Nothing to do
Completed 200 OK in 11ms (Views: 9.1ms | ActiveRecord: 0.0ms | Allocations: 5077)


Started GET "/users/password/new" for 127.0.0.1 at 2023-01-12 10:06:21 +0000
Processing by Devise::PasswordsController#new as HTML
  Rendering /usr/local/rbenv/versions/2.7.0/lib/ruby/gems/2.7.0/gems/devise-4.8.1/app/views/devise/passwords/new.html.erb within layouts/application
  Rendered /usr/local/rbenv/versions/2.7.0/lib/ruby/gems/2.7.0/gems/devise-4.8.1/app/views/devise/shared/_error_messages.html.erb (Duration: 0.1ms | Allocations: 15)
  Rendered /usr/local/rbenv/versions/2.7.0/lib/ruby/gems/2.7.0/gems/devise-4.8.1/app/views/devise/shared/_links.html.erb (Duration: 0.4ms | Allocations: 155)
  Rendered /usr/local/rbenv/versions/2.7.0/lib/ruby/gems/2.7.0/gems/devise-4.8.1/app/views/devise/passwords/new.html.erb within layouts/application (Duration: 4.5ms | Allocations: 1111)
[Webpacker] Everything's up-to-date. Nothing to do
Completed 200 OK in 16ms (Views: 13.3ms | ActiveRecord: 0.0ms | Allocations: 5430)


Started GET "/users/sign_in" for 127.0.0.1 at 2023-01-12 10:06:28 +0000
Processing by Devise::SessionsController#new as HTML
  Rendering /usr/local/rbenv/versions/2.7.0/lib/ruby/gems/2.7.0/gems/devise-4.8.1/app/views/devise/sessions/new.html.erb within layouts/application
  Rendered /usr/local/rbenv/versions/2.7.0/lib/ruby/gems/2.7.0/gems/devise-4.8.1/app/views/devise/shared/_links.html.erb (Duration: 0.4ms | Allocations: 149)
  Rendered /usr/local/rbenv/versions/2.7.0/lib/ruby/gems/2.7.0/gems/devise-4.8.1/app/views/devise/sessions/new.html.erb within layouts/application (Duration: 3.8ms | Allocations: 1331)
[Webpacker] Everything's up-to-date. Nothing to do
Completed 200 OK in 12ms (Views: 10.1ms | ActiveRecord: 0.0ms | Allocations: 5094)


Started GET "/" for 127.0.0.1 at 2023-01-12 10:07:16 +0000
Processing by Rails::WelcomeController#index as HTML
  Rendering /usr/local/rbenv/versions/2.7.0/lib/ruby/gems/2.7.0/gems/railties-6.0.6/lib/rails/templates/rails/welcome/index.html.erb
  Rendered /usr/local/rbenv/versions/2.7.0/lib/ruby/gems/2.7.0/gems/railties-6.0.6/lib/rails/templates/rails/welcome/index.html.erb (Duration: 8.2ms | Allocations: 178)
Completed 200 OK in 11ms (Views: 9.3ms | ActiveRecord: 0.0ms | Allocations: 862)


Started GET "/" for 127.0.0.1 at 2023-01-12 10:08:10 +0000
  [1m[35m (0.1ms)[0m  [1m[34mSELECT sqlite_version(*)[0m
Processing by StaticPagesController#home as HTML
  Rendering static_pages/home.html.erb within layouts/application
  Rendered static_pages/home.html.erb within layouts/application (Duration: 1.3ms | Allocations: 76)
[Webpacker] Everything's up-to-date. Nothing to do
Completed 200 OK in 13ms (Views: 11.5ms | ActiveRecord: 0.0ms | Allocations: 4180)


Started GET "/" for 127.0.0.1 at 2023-01-12 10:08:52 +0000
Processing by StaticPagesController#home as HTML
  Rendering static_pages/home.html.erb within layouts/application
  Rendered static_pages/home.html.erb within layouts/application (Duration: 0.4ms | Allocations: 75)
[Webpacker] Everything's up-to-date. Nothing to do
Completed 200 OK in 12ms (Views: 10.8ms | ActiveRecord: 0.0ms | Allocations: 4757)


Started GET "/users/sign_in" for 127.0.0.1 at 2023-01-12 10:09:07 +0000
Processing by Devise::SessionsController#new as HTML
  Rendering /usr/local/rbenv/versions/2.7.0/lib/ruby/gems/2.7.0/gems/devise-4.8.1/app/views/devise/sessions/new.html.erb within layouts/application
  Rendered /usr/local/rbenv/versions/2.7.0/lib/ruby/gems/2.7.0/gems/devise-4.8.1/app/views/devise/shared/_links.html.erb (Duration: 1.2ms | Allocations: 538)
  Rendered /usr/local/rbenv/versions/2.7.0/lib/ruby/gems/2.7.0/gems/devise-4.8.1/app/views/devise/sessions/new.html.erb within layouts/application (Duration: 5.0ms | Allocations: 2283)
[Webpacker] Everything's up-to-date. Nothing to do
Completed 200 OK in 28ms (Views: 15.7ms | ActiveRecord: 0.9ms | Allocations: 11680)


Started GET "/users/sign_up" for 127.0.0.1 at 2023-01-12 10:09:08 +0000
Processing by Devise::RegistrationsController#new as HTML
  Rendering /usr/local/rbenv/versions/2.7.0/lib/ruby/gems/2.7.0/gems/devise-4.8.1/app/views/devise/registrations/new.html.erb within layouts/application
  Rendered /usr/local/rbenv/versions/2.7.0/lib/ruby/gems/2.7.0/gems/devise-4.8.1/app/views/devise/shared/_error_messages.html.erb (Duration: 0.6ms | Allocations: 187)
  Rendered /usr/local/rbenv/versions/2.7.0/lib/ruby/gems/2.7.0/gems/devise-4.8.1/app/views/devise/shared/_links.html.erb (Duration: 0.3ms | Allocations: 99)
  Rendered /usr/local/rbenv/versions/2.7.0/lib/ruby/gems/2.7.0/gems/devise-4.8.1/app/views/devise/registrations/new.html.erb within layouts/application (Duration: 4.7ms | Allocations: 2026)
[Webpacker] Everything's up-to-date. Nothing to do
Completed 200 OK in 15ms (Views: 13.7ms | ActiveRecord: 0.0ms | Allocations: 6495)


Started GET "/users/sign_in" for 127.0.0.1 at 2023-01-12 10:09:09 +0000
Processing by Devise::SessionsController#new as HTML
  Rendering /usr/local/rbenv/versions/2.7.0/lib/ruby/gems/2.7.0/gems/devise-4.8.1/app/views/devise/sessions/new.html.erb within layouts/application
  Rendered /usr/local/rbenv/versions/2.7.0/lib/ruby/gems/2.7.0/gems/devise-4.8.1/app/views/devise/shared/_links.html.erb (Duration: 0.3ms | Allocations: 149)
  Rendered /usr/local/rbenv/versions/2.7.0/lib/ruby/gems/2.7.0/gems/devise-4.8.1/app/views/devise/sessions/new.html.erb within layouts/application (Duration: 4.0ms | Allocations: 1330)
[Webpacker] Everything's up-to-date. Nothing to do
Completed 200 OK in 13ms (Views: 10.9ms | ActiveRecord: 0.0ms | Allocations: 5188)


Started GET "/users/sign_in" for 127.0.0.1 at 2023-01-12 10:09:13 +0000
Processing by Devise::SessionsController#new as HTML
  Rendering /usr/local/rbenv/versions/2.7.0/lib/ruby/gems/2.7.0/gems/devise-4.8.1/app/views/devise/sessions/new.html.erb within layouts/application
  Rendered /usr/local/rbenv/versions/2.7.0/lib/ruby/gems/2.7.0/gems/devise-4.8.1/app/views/devise/shared/_links.html.erb (Duration: 0.3ms | Allocations: 149)
  Rendered /usr/local/rbenv/versions/2.7.0/lib/ruby/gems/2.7.0/gems/devise-4.8.1/app/views/devise/sessions/new.html.erb within layouts/application (Duration: 2.4ms | Allocations: 1321)
[Webpacker] Everything's up-to-date. Nothing to do
Completed 200 OK in 10ms (Views: 9.3ms | ActiveRecord: 0.0ms | Allocations: 5178)


Started GET "/users/sign_in" for 127.0.0.1 at 2023-01-12 10:09:14 +0000
Processing by Devise::SessionsController#new as HTML
  Rendering /usr/local/rbenv/versions/2.7.0/lib/ruby/gems/2.7.0/gems/devise-4.8.1/app/views/devise/sessions/new.html.erb within layouts/application
  Rendered /usr/local/rbenv/versions/2.7.0/lib/ruby/gems/2.7.0/gems/devise-4.8.1/app/views/devise/shared/_links.html.erb (Duration: 0.3ms | Allocations: 149)
  Rendered /usr/local/rbenv/versions/2.7.0/lib/ruby/gems/2.7.0/gems/devise-4.8.1/app/views/devise/sessions/new.html.erb within layouts/application (Duration: 2.8ms | Allocations: 1321)
[Webpacker] Everything's up-to-date. Nothing to do
Completed 200 OK in 11ms (Views: 9.2ms | ActiveRecord: 0.0ms | Allocations: 5169)


Started GET "/" for 127.0.0.1 at 2023-01-12 10:09:41 +0000
  
ArgumentError (Missing :controller key on routes definition, please check your routes.):
  
config/routes.rb:5:in `block in <main>'
config/routes.rb:1:in `<main>'
Started GET "/" for 127.0.0.1 at 2023-01-12 10:09:49 +0000
  [1m[35m (0.1ms)[0m  [1m[34mSELECT sqlite_version(*)[0m
Processing by StaticPagesController#home as HTML
  Rendering static_pages/home.html.erb within layouts/application
  Rendered static_pages/home.html.erb within layouts/application (Duration: 0.1ms | Allocations: 4)
[Webpacker] Everything's up-to-date. Nothing to do
Completed 200 OK in 14ms (Views: 12.8ms | ActiveRecord: 0.0ms | Allocations: 3868)


Started GET "/" for 127.0.0.1 at 2023-01-12 10:10:45 +0000
  [1m[35m (0.1ms)[0m  [1m[34mSELECT sqlite_version(*)[0m
Processing by StaticPagesController#home as HTML
  Rendering static_pages/home.html.erb within layouts/application
  Rendered static_pages/home.html.erb within layouts/application (Duration: 0.4ms | Allocations: 76)
[Webpacker] Everything's up-to-date. Nothing to do
Completed 200 OK in 13ms (Views: 11.4ms | ActiveRecord: 0.0ms | Allocations: 4727)


Started GET "/" for 127.0.0.1 at 2023-01-12 10:11:54 +0000
Processing by StaticPagesController#home as HTML
  Rendering static_pages/home.html.erb within layouts/application
  Rendered static_pages/home.html.erb within layouts/application (Duration: 0.6ms | Allocations: 73)
[Webpacker] Everything's up-to-date. Nothing to do
Completed 200 OK in 13ms (Views: 11.2ms | ActiveRecord: 0.0ms | Allocations: 4743)


Started GET "/users/sign_in" for 127.0.0.1 at 2023-01-12 10:12:01 +0000
Processing by Devise::SessionsController#new as HTML
  Rendering /usr/local/rbenv/versions/2.7.0/lib/ruby/gems/2.7.0/gems/devise-4.8.1/app/views/devise/sessions/new.html.erb within layouts/application
  Rendered /usr/local/rbenv/versions/2.7.0/lib/ruby/gems/2.7.0/gems/devise-4.8.1/app/views/devise/shared/_links.html.erb (Duration: 0.9ms | Allocations: 538)
  Rendered /usr/local/rbenv/versions/2.7.0/lib/ruby/gems/2.7.0/gems/devise-4.8.1/app/views/devise/sessions/new.html.erb within layouts/application (Duration: 4.7ms | Allocations: 2301)
[Webpacker] Everything's up-to-date. Nothing to do
Completed 200 OK in 24ms (Views: 12.5ms | ActiveRecord: 1.0ms | Allocations: 11738)


Started GET "/users/sign_up" for 127.0.0.1 at 2023-01-12 10:12:02 +0000
Processing by Devise::RegistrationsController#new as HTML
  Rendering /usr/local/rbenv/versions/2.7.0/lib/ruby/gems/2.7.0/gems/devise-4.8.1/app/views/devise/registrations/new.html.erb within layouts/application
  Rendered /usr/local/rbenv/versions/2.7.0/lib/ruby/gems/2.7.0/gems/devise-4.8.1/app/views/devise/shared/_error_messages.html.erb (Duration: 0.6ms | Allocations: 187)
  Rendered /usr/local/rbenv/versions/2.7.0/lib/ruby/gems/2.7.0/gems/devise-4.8.1/app/views/devise/shared/_links.html.erb (Duration: 0.2ms | Allocations: 99)
  Rendered /usr/local/rbenv/versions/2.7.0/lib/ruby/gems/2.7.0/gems/devise-4.8.1/app/views/devise/registrations/new.html.erb within layouts/application (Duration: 4.5ms | Allocations: 2029)
[Webpacker] Everything's up-to-date. Nothing to do
Completed 200 OK in 13ms (Views: 11.9ms | ActiveRecord: 0.0ms | Allocations: 6502)


Started GET "/" for 127.0.0.1 at 2023-01-12 20:47:42 +0000
  [1m[35m (2.1ms)[0m  [1m[34mSELECT sqlite_version(*)[0m
  [1m[35m (0.2ms)[0m  [1m[34mSELECT "schema_migrations"."version" FROM "schema_migrations" ORDER BY "schema_migrations"."version" ASC[0m
Processing by StaticPagesController#home as HTML
  Rendering static_pages/home.html.erb within layouts/application
  Rendered static_pages/home.html.erb within layouts/application (Duration: 2.0ms | Allocations: 301)
[Webpacker] Everything's up-to-date. Nothing to do
Completed 200 OK in 85ms (Views: 58.3ms | ActiveRecord: 0.0ms | Allocations: 10760)


Started GET "/users/sign_up" for 127.0.0.1 at 2023-01-12 20:47:47 +0000
Processing by Devise::RegistrationsController#new as HTML
  Rendering /usr/local/rbenv/versions/2.7.0/lib/ruby/gems/2.7.0/gems/devise-4.8.1/app/views/devise/registrations/new.html.erb within layouts/application
  Rendered /usr/local/rbenv/versions/2.7.0/lib/ruby/gems/2.7.0/gems/devise-4.8.1/app/views/devise/shared/_error_messages.html.erb (Duration: 1.1ms | Allocations: 196)
  Rendered /usr/local/rbenv/versions/2.7.0/lib/ruby/gems/2.7.0/gems/devise-4.8.1/app/views/devise/shared/_links.html.erb (Duration: 1.8ms | Allocations: 514)
  Rendered /usr/local/rbenv/versions/2.7.0/lib/ruby/gems/2.7.0/gems/devise-4.8.1/app/views/devise/registrations/new.html.erb within layouts/application (Duration: 32.5ms | Allocations: 7887)
[Webpacker] Everything's up-to-date. Nothing to do
Completed 200 OK in 54ms (Views: 42.0ms | ActiveRecord: 0.8ms | Allocations: 17416)


Started GET "/users/sign_in" for 127.0.0.1 at 2023-01-12 20:47:49 +0000
Processing by Devise::SessionsController#new as HTML
  Rendering /usr/local/rbenv/versions/2.7.0/lib/ruby/gems/2.7.0/gems/devise-4.8.1/app/views/devise/sessions/new.html.erb within layouts/application
  Rendered /usr/local/rbenv/versions/2.7.0/lib/ruby/gems/2.7.0/gems/devise-4.8.1/app/views/devise/shared/_links.html.erb (Duration: 0.6ms | Allocations: 218)
  Rendered /usr/local/rbenv/versions/2.7.0/lib/ruby/gems/2.7.0/gems/devise-4.8.1/app/views/devise/sessions/new.html.erb within layouts/application (Duration: 7.2ms | Allocations: 2133)
[Webpacker] Everything's up-to-date. Nothing to do
Completed 200 OK in 20ms (Views: 15.8ms | ActiveRecord: 0.0ms | Allocations: 7083)


Started GET "/users/sign_up" for 127.0.0.1 at 2023-01-12 20:47:55 +0000
Processing by Devise::RegistrationsController#new as HTML
  Rendering /usr/local/rbenv/versions/2.7.0/lib/ruby/gems/2.7.0/gems/devise-4.8.1/app/views/devise/registrations/new.html.erb within layouts/application
  Rendered /usr/local/rbenv/versions/2.7.0/lib/ruby/gems/2.7.0/gems/devise-4.8.1/app/views/devise/shared/_error_messages.html.erb (Duration: 0.0ms | Allocations: 15)
  Rendered /usr/local/rbenv/versions/2.7.0/lib/ruby/gems/2.7.0/gems/devise-4.8.1/app/views/devise/shared/_links.html.erb (Duration: 0.6ms | Allocations: 89)
  Rendered /usr/local/rbenv/versions/2.7.0/lib/ruby/gems/2.7.0/gems/devise-4.8.1/app/views/devise/registrations/new.html.erb within layouts/application (Duration: 3.1ms | Allocations: 1303)
[Webpacker] Everything's up-to-date. Nothing to do
Completed 200 OK in 11ms (Views: 9.4ms | ActiveRecord: 0.0ms | Allocations: 5101)


Started POST "/users" for 127.0.0.1 at 2023-01-12 20:48:07 +0000
Processing by Devise::RegistrationsController#create as HTML
  Parameters: {"authenticity_token"=>"uZ0YKX0aWaviqficjMrK8vt2O5Yo1q08iNyxEH8O4j8VX1r33e9j+TElWyWCTkF/BwYmjZD0Se4tymMK/Y6rcw==", "user"=>{"email"=>"kdragstark@gmail.com", "password"=>"[FILTERED]", "password_confirmation"=>"[FILTERED]"}, "commit"=>"Sign up"}
  [1m[35m (0.1ms)[0m  [1m[36mbegin transaction[0m
  [1m[36mUser Exists? (0.4ms)[0m  [1m[34mSELECT 1 AS one FROM "users" WHERE "users"."email" = ? LIMIT ?[0m  [["email", "kdragstark@gmail.com"], ["LIMIT", 1]]
  [1m[36mUser Create (0.6ms)[0m  [1m[32mINSERT INTO "users" ("email", "encrypted_password", "created_at", "updated_at") VALUES (?, ?, ?, ?)[0m  [["email", "kdragstark@gmail.com"], ["encrypted_password", "$2a$12$.sDQWrtto5ukMQMQ0DC5/.SaG/d30MjRTxFIUwEXl0oDIWwv1aJzO"], ["created_at", "2023-01-12 20:48:08.010977"], ["updated_at", "2023-01-12 20:48:08.010977"]]
  [1m[35m (10.3ms)[0m  [1m[36mcommit transaction[0m
Redirected to https://localhost-dragstark-1abcd.paiza-user-free.cloud:3000/
Completed 302 Found in 416ms (ActiveRecord: 11.4ms | Allocations: 11675)


Started GET "/" for 127.0.0.1 at 2023-01-12 20:48:08 +0000
Processing by StaticPagesController#home as HTML
  Rendering static_pages/home.html.erb within layouts/application
  Rendered static_pages/home.html.erb within layouts/application (Duration: 0.1ms | Allocations: 4)
[Webpacker] Everything's up-to-date. Nothing to do
  [1m[36mUser Load (0.3ms)[0m  [1m[34mSELECT "users".* FROM "users" WHERE "users"."id" = ? ORDER BY "users"."id" ASC LIMIT ?[0m  [["id", 1], ["LIMIT", 1]]
  ↳ app/views/layouts/application.html.erb:13
Completed 200 OK in 10ms (Views: 9.0ms | ActiveRecord: 0.3ms | Allocations: 4624)


Started GET "/" for 127.0.0.1 at 2023-01-12 20:49:00 +0000
Processing by StaticPagesController#home as HTML
  Rendering static_pages/home.html.erb within layouts/application
  Rendered static_pages/home.html.erb within layouts/application (Duration: 0.0ms | Allocations: 4)
[Webpacker] Everything's up-to-date. Nothing to do
  [1m[36mUser Load (0.1ms)[0m  [1m[34mSELECT "users".* FROM "users" WHERE "users"."id" = ? ORDER BY "users"."id" ASC LIMIT ?[0m  [["id", 1], ["LIMIT", 1]]
  ↳ app/views/layouts/application.html.erb:13
Completed 200 OK in 9ms (Views: 8.5ms | ActiveRecord: 0.1ms | Allocations: 4478)


Started GET "/" for 127.0.0.1 at 2023-01-12 20:56:41 +0000
  [1m[35m (0.6ms)[0m  [1m[34mSELECT sqlite_version(*)[0m
  [1m[35m (0.2ms)[0m  [1m[34mSELECT "schema_migrations"."version" FROM "schema_migrations" ORDER BY "schema_migrations"."version" ASC[0m
Processing by StaticPagesController#home as HTML
  Rendering static_pages/home.html.erb within layouts/application
  Rendered static_pages/home.html.erb within layouts/application (Duration: 1.5ms | Allocations: 275)
[Webpacker] Everything's up-to-date. Nothing to do
  [1m[36mUser Load (0.2ms)[0m  [1m[34mSELECT "users".* FROM "users" WHERE "users"."id" = ? ORDER BY "users"."id" ASC LIMIT ?[0m  [["id", 1], ["LIMIT", 1]]
  ↳ app/views/layouts/application.html.erb:13
Completed 200 OK in 64ms (Views: 49.1ms | ActiveRecord: 1.3ms | Allocations: 15258)


Started GET "/books" for 127.0.0.1 at 2023-01-12 20:56:43 +0000
Processing by BooksController#index as HTML
  Rendering books/index.html.erb within layouts/application
  [1m[36mBook Load (0.4ms)[0m  [1m[34mSELECT "books".* FROM "books"[0m
  ↳ app/views/books/index.html.erb:15
  Rendered books/index.html.erb within layouts/application (Duration: 5.0ms | Allocations: 1209)
[Webpacker] Everything's up-to-date. Nothing to do
  [1m[36mUser Load (0.1ms)[0m  [1m[34mSELECT "users".* FROM "users" WHERE "users"."id" = ? ORDER BY "users"."id" ASC LIMIT ?[0m  [["id", 1], ["LIMIT", 1]]
  ↳ app/views/layouts/application.html.erb:13
Completed 200 OK in 18ms (Views: 15.1ms | ActiveRecord: 0.8ms | Allocations: 6530)


Started GET "/books/new" for 127.0.0.1 at 2023-01-12 20:56:48 +0000
Processing by BooksController#new as HTML
  Rendering books/new.html.erb within layouts/application
  Rendered books/_form.html.erb (Duration: 10.8ms | Allocations: 3672)
  Rendered books/new.html.erb within layouts/application (Duration: 12.3ms | Allocations: 4016)
[Webpacker] Everything's up-to-date. Nothing to do
  [1m[36mUser Load (0.1ms)[0m  [1m[34mSELECT "users".* FROM "users" WHERE "users"."id" = ? ORDER BY "users"."id" ASC LIMIT ?[0m  [["id", 1], ["LIMIT", 1]]
  ↳ app/views/layouts/application.html.erb:13
Completed 200 OK in 27ms (Views: 19.2ms | ActiveRecord: 0.5ms | Allocations: 11110)


Started GET "/books" for 127.0.0.1 at 2023-01-12 20:56:50 +0000
Processing by BooksController#index as HTML
  Rendering books/index.html.erb within layouts/application
  [1m[36mBook Load (0.2ms)[0m  [1m[34mSELECT "books".* FROM "books"[0m
  ↳ app/views/books/index.html.erb:15
  Rendered books/index.html.erb within layouts/application (Duration: 2.1ms | Allocations: 662)
[Webpacker] Everything's up-to-date. Nothing to do
  [1m[36mUser Load (0.1ms)[0m  [1m[34mSELECT "users".* FROM "users" WHERE "users"."id" = ? ORDER BY "users"."id" ASC LIMIT ?[0m  [["id", 1], ["LIMIT", 1]]
  ↳ app/views/layouts/application.html.erb:13
Completed 200 OK in 13ms (Views: 11.0ms | ActiveRecord: 0.3ms | Allocations: 5133)


Started DELETE "/users/sign_out" for 127.0.0.1 at 2023-01-12 20:56:53 +0000
Processing by Devise::SessionsController#destroy as HTML
  Parameters: {"authenticity_token"=>"802s3FmCWo/xVvYj1lSGwnNV32nHha5XVEy8AMtieh4G7mP9pSnPxHN96klotFonq6mXxozclC21vAE1RTMKWQ=="}
  [1m[36mUser Load (0.2ms)[0m  [1m[34mSELECT "users".* FROM "users" WHERE "users"."id" = ? ORDER BY "users"."id" ASC LIMIT ?[0m  [["id", 1], ["LIMIT", 1]]
Redirected to https://localhost-dragstark-1abcd.paiza-user-free.cloud:3000/
Completed 302 Found in 9ms (ActiveRecord: 0.2ms | Allocations: 2951)


Started GET "/" for 127.0.0.1 at 2023-01-12 20:56:53 +0000
Processing by StaticPagesController#home as HTML
  Rendering static_pages/home.html.erb within layouts/application
  Rendered static_pages/home.html.erb within layouts/application (Duration: 0.4ms | Allocations: 49)
[Webpacker] Everything's up-to-date. Nothing to do
Completed 200 OK in 11ms (Views: 9.9ms | ActiveRecord: 0.0ms | Allocations: 3729)


Started GET "/books" for 127.0.0.1 at 2023-01-12 20:56:55 +0000
Processing by BooksController#index as HTML
  Rendering books/index.html.erb within layouts/application
  [1m[36mBook Load (0.2ms)[0m  [1m[34mSELECT "books".* FROM "books"[0m
  ↳ app/views/books/index.html.erb:15
  Rendered books/index.html.erb within layouts/application (Duration: 2.1ms | Allocations: 654)
[Webpacker] Everything's up-to-date. Nothing to do
Completed 200 OK in 11ms (Views: 9.8ms | ActiveRecord: 0.2ms | Allocations: 4335)


Started GET "/books/new" for 127.0.0.1 at 2023-01-12 20:56:59 +0000
Processing by BooksController#new as HTML
  Rendering books/new.html.erb within layouts/application
  Rendered books/_form.html.erb (Duration: 1.8ms | Allocations: 888)
  Rendered books/new.html.erb within layouts/application (Duration: 12.1ms | Allocations: 979)
[Webpacker] Everything's up-to-date. Nothing to do
Completed 200 OK in 20ms (Views: 18.6ms | ActiveRecord: 0.0ms | Allocations: 4650)


Started GET "/users/sign_in" for 127.0.0.1 at 2023-01-12 20:57:01 +0000
Processing by Devise::SessionsController#new as HTML
  Rendering /usr/local/rbenv/versions/2.7.0/lib/ruby/gems/2.7.0/gems/devise-4.8.1/app/views/devise/sessions/new.html.erb within layouts/application
  Rendered /usr/local/rbenv/versions/2.7.0/lib/ruby/gems/2.7.0/gems/devise-4.8.1/app/views/devise/shared/_links.html.erb (Duration: 1.8ms | Allocations: 610)
  Rendered /usr/local/rbenv/versions/2.7.0/lib/ruby/gems/2.7.0/gems/devise-4.8.1/app/views/devise/sessions/new.html.erb within layouts/application (Duration: 8.6ms | Allocations: 2980)
[Webpacker] Everything's up-to-date. Nothing to do
Completed 200 OK in 22ms (Views: 19.9ms | ActiveRecord: 0.0ms | Allocations: 7920)


Started GET "/" for 127.0.0.1 at 2023-01-12 20:57:58 +0000
Processing by StaticPagesController#home as HTML
  Rendering static_pages/home.html.erb within layouts/application
  Rendered static_pages/home.html.erb within layouts/application (Duration: 0.9ms | Allocations: 130)
[Webpacker] Everything's up-to-date. Nothing to do
Completed 200 OK in 13ms (Views: 10.9ms | ActiveRecord: 0.0ms | Allocations: 4784)


Started GET "/books" for 127.0.0.1 at 2023-01-12 21:03:36 +0000
  [1m[35m (0.1ms)[0m  [1m[34mSELECT sqlite_version(*)[0m
  
NoMethodError (undefined method `before_filter' for BooksController:Class
Did you mean?  before_action):
  
app/controllers/books_controller.rb:3:in `<class:BooksController>'
app/controllers/books_controller.rb:1:in `<main>'
Started GET "/books" for 127.0.0.1 at 2023-01-12 21:04:15 +0000
  [1m[35m (0.1ms)[0m  [1m[34mSELECT sqlite_version(*)[0m
Processing by BooksController#index as HTML
  Rendering books/index.html.erb within layouts/application
  [1m[36mBook Load (0.6ms)[0m  [1m[34mSELECT "books".* FROM "books"[0m
  ↳ app/views/books/index.html.erb:15
  Rendered books/index.html.erb within layouts/application (Duration: 4.2ms | Allocations: 1368)
[Webpacker] Everything's up-to-date. Nothing to do
Completed 200 OK in 14ms (Views: 10.4ms | ActiveRecord: 0.9ms | Allocations: 5882)


Started GET "/users/sign_in" for 127.0.0.1 at 2023-01-12 21:04:19 +0000
Processing by Devise::SessionsController#new as HTML
  Rendering /usr/local/rbenv/versions/2.7.0/lib/ruby/gems/2.7.0/gems/devise-4.8.1/app/views/devise/sessions/new.html.erb within layouts/application
  Rendered /usr/local/rbenv/versions/2.7.0/lib/ruby/gems/2.7.0/gems/devise-4.8.1/app/views/devise/shared/_links.html.erb (Duration: 2.5ms | Allocations: 542)
  Rendered /usr/local/rbenv/versions/2.7.0/lib/ruby/gems/2.7.0/gems/devise-4.8.1/app/views/devise/sessions/new.html.erb within layouts/application (Duration: 9.7ms | Allocations: 2305)
[Webpacker] Everything's up-to-date. Nothing to do
Completed 200 OK in 44ms (Views: 23.0ms | ActiveRecord: 0.8ms | Allocations: 11559)


Started GET "/" for 127.0.0.1 at 2023-01-12 21:04:38 +0000
Processing by StaticPagesController#home as HTML
  Rendering static_pages/home.html.erb within layouts/application
  Rendered static_pages/home.html.erb within layouts/application (Duration: 0.2ms | Allocations: 49)
[Webpacker] Everything's up-to-date. Nothing to do
Completed 200 OK in 7ms (Views: 6.6ms | ActiveRecord: 0.0ms | Allocations: 3852)


Started GET "/" for 127.0.0.1 at 2023-01-12 21:06:10 +0000
  [1m[35m (0.1ms)[0m  [1m[34mSELECT sqlite_version(*)[0m
Processing by StaticPagesController#home as HTML
  Rendering static_pages/home.html.erb within layouts/application
  Rendered static_pages/home.html.erb within layouts/application (Duration: 0.2ms | Allocations: 49)
[Webpacker] Everything's up-to-date. Nothing to do
Completed 200 OK in 9ms (Views: 7.8ms | ActiveRecord: 0.0ms | Allocations: 3832)


Started GET "/books" for 127.0.0.1 at 2023-01-12 21:06:12 +0000
  
SyntaxError (/home/ubuntu/it_nihongo3_rails/app/controllers/books_controller.rb:2: syntax error, unexpected '\n', expecting =>):
  
app/controllers/books_controller.rb:2: syntax error, unexpected '\n', expecting =>
app/controllers/books_controller.rb:2: syntax error, unexpected '\n', expecting =>
app/controllers/books_controller.rb:2: syntax error, unexpected '\n', expecting =>
Started GET "/" for 127.0.0.1 at 2023-01-12 21:06:22 +0000
Processing by StaticPagesController#home as HTML
  Rendering static_pages/home.html.erb within layouts/application
  Rendered static_pages/home.html.erb within layouts/application (Duration: 0.2ms | Allocations: 43)
[Webpacker] Everything's up-to-date. Nothing to do
Completed 200 OK in 8ms (Views: 7.6ms | ActiveRecord: 0.0ms | Allocations: 3694)


Started GET "/books" for 127.0.0.1 at 2023-01-12 21:06:24 +0000
  
ActionController::RoutingError (uninitialized constant BooksController):
  
actionpack (6.0.6) lib/action_dispatch/http/request.rb:92:in `rescue in controller_class_for'
actionpack (6.0.6) lib/action_dispatch/http/request.rb:88:in `controller_class_for'
actionpack (6.0.6) lib/action_dispatch/http/request.rb:81:in `controller_class'
actionpack (6.0.6) lib/action_dispatch/routing/route_set.rb:44:in `controller'
actionpack (6.0.6) lib/action_dispatch/routing/route_set.rb:31:in `serve'
actionpack (6.0.6) lib/action_dispatch/journey/router.rb:49:in `block in serve'
actionpack (6.0.6) lib/action_dispatch/journey/router.rb:32:in `each'
actionpack (6.0.6) lib/action_dispatch/journey/router.rb:32:in `serve'
actionpack (6.0.6) lib/action_dispatch/routing/route_set.rb:834:in `call'
warden (1.2.9) lib/warden/manager.rb:36:in `block in call'
warden (1.2.9) lib/warden/manager.rb:34:in `catch'
warden (1.2.9) lib/warden/manager.rb:34:in `call'
rack (2.2.5) lib/rack/tempfile_reaper.rb:15:in `call'
rack (2.2.5) lib/rack/etag.rb:27:in `call'
rack (2.2.5) lib/rack/conditional_get.rb:27:in `call'
rack (2.2.5) lib/rack/head.rb:12:in `call'
actionpack (6.0.6) lib/action_dispatch/http/content_security_policy.rb:18:in `call'
rack (2.2.5) lib/rack/session/abstract/id.rb:266:in `context'
rack (2.2.5) lib/rack/session/abstract/id.rb:260:in `call'
actionpack (6.0.6) lib/action_dispatch/middleware/cookies.rb:654:in `call'
activerecord (6.0.6) lib/active_record/migration.rb:567:in `call'
actionpack (6.0.6) lib/action_dispatch/middleware/callbacks.rb:27:in `block in call'
activesupport (6.0.6) lib/active_support/callbacks.rb:101:in `run_callbacks'
actionpack (6.0.6) lib/action_dispatch/middleware/callbacks.rb:26:in `call'
actionpack (6.0.6) lib/action_dispatch/middleware/executor.rb:14:in `call'
actionpack (6.0.6) lib/action_dispatch/middleware/actionable_exceptions.rb:18:in `call'
actionpack (6.0.6) lib/action_dispatch/middleware/debug_exceptions.rb:32:in `call'
web-console (4.2.0) lib/web_console/middleware.rb:132:in `call_app'
web-console (4.2.0) lib/web_console/middleware.rb:28:in `block in call'
web-console (4.2.0) lib/web_console/middleware.rb:17:in `catch'
web-console (4.2.0) lib/web_console/middleware.rb:17:in `call'
actionpack (6.0.6) lib/action_dispatch/middleware/show_exceptions.rb:33:in `call'
railties (6.0.6) lib/rails/rack/logger.rb:37:in `call_app'
railties (6.0.6) lib/rails/rack/logger.rb:26:in `block in call'
activesupport (6.0.6) lib/active_support/tagged_logging.rb:80:in `block in tagged'
activesupport (6.0.6) lib/active_support/tagged_logging.rb:28:in `tagged'
activesupport (6.0.6) lib/active_support/tagged_logging.rb:80:in `tagged'
railties (6.0.6) lib/rails/rack/logger.rb:26:in `call'
sprockets-rails (3.4.2) lib/sprockets/rails/quiet_assets.rb:13:in `call'
actionpack (6.0.6) lib/action_dispatch/middleware/remote_ip.rb:81:in `call'
actionpack (6.0.6) lib/action_dispatch/middleware/request_id.rb:27:in `call'
rack (2.2.5) lib/rack/method_override.rb:24:in `call'
rack (2.2.5) lib/rack/runtime.rb:22:in `call'
activesupport (6.0.6) lib/active_support/cache/strategy/local_cache_middleware.rb:29:in `call'
actionpack (6.0.6) lib/action_dispatch/middleware/executor.rb:14:in `call'
actionpack (6.0.6) lib/action_dispatch/middleware/static.rb:126:in `call'
rack (2.2.5) lib/rack/sendfile.rb:110:in `call'
actionpack (6.0.6) lib/action_dispatch/middleware/host_authorization.rb:97:in `call'
webpacker (4.3.0) lib/webpacker/dev_server_proxy.rb:23:in `perform_request'
rack-proxy (0.7.4) lib/rack/proxy.rb:78:in `call'
railties (6.0.6) lib/rails/engine.rb:527:in `call'
puma (4.3.12) lib/puma/configuration.rb:228:in `call'
puma (4.3.12) lib/puma/server.rb:727:in `handle_request'
puma (4.3.12) lib/puma/server.rb:476:in `process_client'
puma (4.3.12) lib/puma/server.rb:332:in `block in run'
puma (4.3.12) lib/puma/thread_pool.rb:134:in `block in spawn_thread'
Started GET "/books" for 127.0.0.1 at 2023-01-12 21:06:42 +0000
  
ActionController::RoutingError (uninitialized constant BooksController):
  
actionpack (6.0.6) lib/action_dispatch/http/request.rb:92:in `rescue in controller_class_for'
actionpack (6.0.6) lib/action_dispatch/http/request.rb:88:in `controller_class_for'
actionpack (6.0.6) lib/action_dispatch/http/request.rb:81:in `controller_class'
actionpack (6.0.6) lib/action_dispatch/routing/route_set.rb:44:in `controller'
actionpack (6.0.6) lib/action_dispatch/routing/route_set.rb:31:in `serve'
actionpack (6.0.6) lib/action_dispatch/journey/router.rb:49:in `block in serve'
actionpack (6.0.6) lib/action_dispatch/journey/router.rb:32:in `each'
actionpack (6.0.6) lib/action_dispatch/journey/router.rb:32:in `serve'
actionpack (6.0.6) lib/action_dispatch/routing/route_set.rb:834:in `call'
warden (1.2.9) lib/warden/manager.rb:36:in `block in call'
warden (1.2.9) lib/warden/manager.rb:34:in `catch'
warden (1.2.9) lib/warden/manager.rb:34:in `call'
rack (2.2.5) lib/rack/tempfile_reaper.rb:15:in `call'
rack (2.2.5) lib/rack/etag.rb:27:in `call'
rack (2.2.5) lib/rack/conditional_get.rb:27:in `call'
rack (2.2.5) lib/rack/head.rb:12:in `call'
actionpack (6.0.6) lib/action_dispatch/http/content_security_policy.rb:18:in `call'
rack (2.2.5) lib/rack/session/abstract/id.rb:266:in `context'
rack (2.2.5) lib/rack/session/abstract/id.rb:260:in `call'
actionpack (6.0.6) lib/action_dispatch/middleware/cookies.rb:654:in `call'
activerecord (6.0.6) lib/active_record/migration.rb:567:in `call'
actionpack (6.0.6) lib/action_dispatch/middleware/callbacks.rb:27:in `block in call'
activesupport (6.0.6) lib/active_support/callbacks.rb:101:in `run_callbacks'
actionpack (6.0.6) lib/action_dispatch/middleware/callbacks.rb:26:in `call'
actionpack (6.0.6) lib/action_dispatch/middleware/executor.rb:14:in `call'
actionpack (6.0.6) lib/action_dispatch/middleware/actionable_exceptions.rb:18:in `call'
actionpack (6.0.6) lib/action_dispatch/middleware/debug_exceptions.rb:32:in `call'
web-console (4.2.0) lib/web_console/middleware.rb:132:in `call_app'
web-console (4.2.0) lib/web_console/middleware.rb:28:in `block in call'
web-console (4.2.0) lib/web_console/middleware.rb:17:in `catch'
web-console (4.2.0) lib/web_console/middleware.rb:17:in `call'
actionpack (6.0.6) lib/action_dispatch/middleware/show_exceptions.rb:33:in `call'
railties (6.0.6) lib/rails/rack/logger.rb:37:in `call_app'
railties (6.0.6) lib/rails/rack/logger.rb:26:in `block in call'
activesupport (6.0.6) lib/active_support/tagged_logging.rb:80:in `block in tagged'
activesupport (6.0.6) lib/active_support/tagged_logging.rb:28:in `tagged'
activesupport (6.0.6) lib/active_support/tagged_logging.rb:80:in `tagged'
railties (6.0.6) lib/rails/rack/logger.rb:26:in `call'
sprockets-rails (3.4.2) lib/sprockets/rails/quiet_assets.rb:13:in `call'
actionpack (6.0.6) lib/action_dispatch/middleware/remote_ip.rb:81:in `call'
actionpack (6.0.6) lib/action_dispatch/middleware/request_id.rb:27:in `call'
rack (2.2.5) lib/rack/method_override.rb:24:in `call'
rack (2.2.5) lib/rack/runtime.rb:22:in `call'
activesupport (6.0.6) lib/active_support/cache/strategy/local_cache_middleware.rb:29:in `call'
actionpack (6.0.6) lib/action_dispatch/middleware/executor.rb:14:in `call'
actionpack (6.0.6) lib/action_dispatch/middleware/static.rb:126:in `call'
rack (2.2.5) lib/rack/sendfile.rb:110:in `call'
actionpack (6.0.6) lib/action_dispatch/middleware/host_authorization.rb:97:in `call'
webpacker (4.3.0) lib/webpacker/dev_server_proxy.rb:23:in `perform_request'
rack-proxy (0.7.4) lib/rack/proxy.rb:78:in `call'
railties (6.0.6) lib/rails/engine.rb:527:in `call'
puma (4.3.12) lib/puma/configuration.rb:228:in `call'
puma (4.3.12) lib/puma/server.rb:727:in `handle_request'
puma (4.3.12) lib/puma/server.rb:476:in `process_client'
puma (4.3.12) lib/puma/server.rb:332:in `block in run'
puma (4.3.12) lib/puma/thread_pool.rb:134:in `block in spawn_thread'
Started GET "/" for 127.0.0.1 at 2023-01-12 21:06:49 +0000
Processing by StaticPagesController#home as HTML
  Rendering static_pages/home.html.erb within layouts/application
  Rendered static_pages/home.html.erb within layouts/application (Duration: 0.4ms | Allocations: 43)
[Webpacker] Everything's up-to-date. Nothing to do
Completed 200 OK in 9ms (Views: 8.4ms | ActiveRecord: 0.0ms | Allocations: 3702)


Started GET "/users/sign_up" for 127.0.0.1 at 2023-01-12 21:06:52 +0000
Processing by Devise::RegistrationsController#new as HTML
  Rendering /usr/local/rbenv/versions/2.7.0/lib/ruby/gems/2.7.0/gems/devise-4.8.1/app/views/devise/registrations/new.html.erb within layouts/application
  Rendered /usr/local/rbenv/versions/2.7.0/lib/ruby/gems/2.7.0/gems/devise-4.8.1/app/views/devise/shared/_error_messages.html.erb (Duration: 1.1ms | Allocations: 193)
  Rendered /usr/local/rbenv/versions/2.7.0/lib/ruby/gems/2.7.0/gems/devise-4.8.1/app/views/devise/shared/_links.html.erb (Duration: 0.4ms | Allocations: 128)
  Rendered /usr/local/rbenv/versions/2.7.0/lib/ruby/gems/2.7.0/gems/devise-4.8.1/app/views/devise/registrations/new.html.erb within layouts/application (Duration: 6.2ms | Allocations: 2183)
[Webpacker] Everything's up-to-date. Nothing to do
Completed 200 OK in 28ms (Views: 16.5ms | ActiveRecord: 0.8ms | Allocations: 11167)


Started GET "/users/sign_in" for 127.0.0.1 at 2023-01-12 21:06:55 +0000
Processing by Devise::SessionsController#new as HTML
  Rendering /usr/local/rbenv/versions/2.7.0/lib/ruby/gems/2.7.0/gems/devise-4.8.1/app/views/devise/sessions/new.html.erb within layouts/application
  Rendered /usr/local/rbenv/versions/2.7.0/lib/ruby/gems/2.7.0/gems/devise-4.8.1/app/views/devise/shared/_links.html.erb (Duration: 0.3ms | Allocations: 160)
  Rendered /usr/local/rbenv/versions/2.7.0/lib/ruby/gems/2.7.0/gems/devise-4.8.1/app/views/devise/sessions/new.html.erb within layouts/application (Duration: 2.4ms | Allocations: 1345)
[Webpacker] Everything's up-to-date. Nothing to do
Completed 200 OK in 9ms (Views: 8.3ms | ActiveRecord: 0.0ms | Allocations: 5407)


Started POST "/users/sign_in" for 127.0.0.1 at 2023-01-12 21:07:04 +0000
Processing by Devise::SessionsController#create as HTML
  Parameters: {"authenticity_token"=>"LDFhNpp+xRNmFKO2ma04wmMWQ2w4+9Khhs5WwLld/4nNSqC37YUUVh8hClzW2s1cco0XoM8hhQKSy+aUuZncIA==", "user"=>{"email"=>"kdragstark@gmail.com", "password"=>"[FILTERED]", "remember_me"=>"1"}, "commit"=>"Log in"}
  [1m[36mUser Load (0.5ms)[0m  [1m[34mSELECT "users".* FROM "users" WHERE "users"."email" = ? ORDER BY "users"."id" ASC LIMIT ?[0m  [["email", "kdragstark@gmail.com"], ["LIMIT", 1]]
  [1m[35m (0.1ms)[0m  [1m[36mbegin transaction[0m
  [1m[36mUser Update (1.5ms)[0m  [1m[33mUPDATE "users" SET "remember_created_at" = ?, "updated_at" = ? WHERE "users"."id" = ?[0m  [["remember_created_at", "2023-01-12 21:07:04.834315"], ["updated_at", "2023-01-12 21:07:04.834696"], ["id", 1]]
  [1m[35m (4.4ms)[0m  [1m[36mcommit transaction[0m
Redirected to https://localhost-dragstark-1abcd.paiza-user-free.cloud:3000/
Completed 302 Found in 406ms (ActiveRecord: 6.5ms | Allocations: 10091)


Started GET "/" for 127.0.0.1 at 2023-01-12 21:07:04 +0000
Processing by StaticPagesController#home as HTML
  Rendering static_pages/home.html.erb within layouts/application
  Rendered static_pages/home.html.erb within layouts/application (Duration: 0.2ms | Allocations: 48)
[Webpacker] Everything's up-to-date. Nothing to do
  [1m[36mUser Load (0.2ms)[0m  [1m[34mSELECT "users".* FROM "users" WHERE "users"."id" = ? ORDER BY "users"."id" ASC LIMIT ?[0m  [["id", 1], ["LIMIT", 1]]
  ↳ app/views/layouts/application.html.erb:13
Completed 200 OK in 9ms (Views: 7.7ms | ActiveRecord: 0.2ms | Allocations: 4573)


Started GET "/books" for 127.0.0.1 at 2023-01-12 21:07:06 +0000
  
ActionController::RoutingError (uninitialized constant BooksController):
  
actionpack (6.0.6) lib/action_dispatch/http/request.rb:92:in `rescue in controller_class_for'
actionpack (6.0.6) lib/action_dispatch/http/request.rb:88:in `controller_class_for'
actionpack (6.0.6) lib/action_dispatch/http/request.rb:81:in `controller_class'
actionpack (6.0.6) lib/action_dispatch/routing/route_set.rb:44:in `controller'
actionpack (6.0.6) lib/action_dispatch/routing/route_set.rb:31:in `serve'
actionpack (6.0.6) lib/action_dispatch/journey/router.rb:49:in `block in serve'
actionpack (6.0.6) lib/action_dispatch/journey/router.rb:32:in `each'
actionpack (6.0.6) lib/action_dispatch/journey/router.rb:32:in `serve'
actionpack (6.0.6) lib/action_dispatch/routing/route_set.rb:834:in `call'
warden (1.2.9) lib/warden/manager.rb:36:in `block in call'
warden (1.2.9) lib/warden/manager.rb:34:in `catch'
warden (1.2.9) lib/warden/manager.rb:34:in `call'
rack (2.2.5) lib/rack/tempfile_reaper.rb:15:in `call'
rack (2.2.5) lib/rack/etag.rb:27:in `call'
rack (2.2.5) lib/rack/conditional_get.rb:27:in `call'
rack (2.2.5) lib/rack/head.rb:12:in `call'
actionpack (6.0.6) lib/action_dispatch/http/content_security_policy.rb:18:in `call'
rack (2.2.5) lib/rack/session/abstract/id.rb:266:in `context'
rack (2.2.5) lib/rack/session/abstract/id.rb:260:in `call'
actionpack (6.0.6) lib/action_dispatch/middleware/cookies.rb:654:in `call'
activerecord (6.0.6) lib/active_record/migration.rb:567:in `call'
actionpack (6.0.6) lib/action_dispatch/middleware/callbacks.rb:27:in `block in call'
activesupport (6.0.6) lib/active_support/callbacks.rb:101:in `run_callbacks'
actionpack (6.0.6) lib/action_dispatch/middleware/callbacks.rb:26:in `call'
actionpack (6.0.6) lib/action_dispatch/middleware/executor.rb:14:in `call'
actionpack (6.0.6) lib/action_dispatch/middleware/actionable_exceptions.rb:18:in `call'
actionpack (6.0.6) lib/action_dispatch/middleware/debug_exceptions.rb:32:in `call'
web-console (4.2.0) lib/web_console/middleware.rb:132:in `call_app'
web-console (4.2.0) lib/web_console/middleware.rb:28:in `block in call'
web-console (4.2.0) lib/web_console/middleware.rb:17:in `catch'
web-console (4.2.0) lib/web_console/middleware.rb:17:in `call'
actionpack (6.0.6) lib/action_dispatch/middleware/show_exceptions.rb:33:in `call'
railties (6.0.6) lib/rails/rack/logger.rb:37:in `call_app'
railties (6.0.6) lib/rails/rack/logger.rb:26:in `block in call'
activesupport (6.0.6) lib/active_support/tagged_logging.rb:80:in `block in tagged'
activesupport (6.0.6) lib/active_support/tagged_logging.rb:28:in `tagged'
activesupport (6.0.6) lib/active_support/tagged_logging.rb:80:in `tagged'
railties (6.0.6) lib/rails/rack/logger.rb:26:in `call'
sprockets-rails (3.4.2) lib/sprockets/rails/quiet_assets.rb:13:in `call'
actionpack (6.0.6) lib/action_dispatch/middleware/remote_ip.rb:81:in `call'
actionpack (6.0.6) lib/action_dispatch/middleware/request_id.rb:27:in `call'
rack (2.2.5) lib/rack/method_override.rb:24:in `call'
rack (2.2.5) lib/rack/runtime.rb:22:in `call'
activesupport (6.0.6) lib/active_support/cache/strategy/local_cache_middleware.rb:29:in `call'
actionpack (6.0.6) lib/action_dispatch/middleware/executor.rb:14:in `call'
actionpack (6.0.6) lib/action_dispatch/middleware/static.rb:126:in `call'
rack (2.2.5) lib/rack/sendfile.rb:110:in `call'
actionpack (6.0.6) lib/action_dispatch/middleware/host_authorization.rb:97:in `call'
webpacker (4.3.0) lib/webpacker/dev_server_proxy.rb:23:in `perform_request'
rack-proxy (0.7.4) lib/rack/proxy.rb:78:in `call'
railties (6.0.6) lib/rails/engine.rb:527:in `call'
puma (4.3.12) lib/puma/configuration.rb:228:in `call'
puma (4.3.12) lib/puma/server.rb:727:in `handle_request'
puma (4.3.12) lib/puma/server.rb:476:in `process_client'
puma (4.3.12) lib/puma/server.rb:332:in `block in run'
puma (4.3.12) lib/puma/thread_pool.rb:134:in `block in spawn_thread'
Started GET "/books" for 127.0.0.1 at 2023-01-12 21:08:21 +0000
  [1m[35m (0.1ms)[0m  [1m[34mSELECT sqlite_version(*)[0m
Processing by BooksController#index as HTML
  [1m[36mUser Load (0.2ms)[0m  [1m[34mSELECT "users".* FROM "users" WHERE "users"."id" = ? ORDER BY "users"."id" ASC LIMIT ?[0m  [["id", 1], ["LIMIT", 1]]
  Rendering books/index.html.erb within layouts/application
  [1m[36mBook Load (0.2ms)[0m  [1m[34mSELECT "books".* FROM "books"[0m
  ↳ app/views/books/index.html.erb:15
  Rendered books/index.html.erb within layouts/application (Duration: 2.4ms | Allocations: 940)
[Webpacker] Everything's up-to-date. Nothing to do
Completed 200 OK in 25ms (Views: 8.5ms | ActiveRecord: 1.5ms | Allocations: 11850)


Started DELETE "/users/sign_out" for 127.0.0.1 at 2023-01-12 21:08:24 +0000
Processing by Devise::SessionsController#destroy as HTML
  Parameters: {"authenticity_token"=>"iD+FmgbyyedQ4dgnEnXrbBEifXieEi+kNTPmXHrEj+vPQeIWTgy7SSkm0j4OE5qUnwC+IdUmwzyhh3sxlY5h4w=="}
  [1m[36mUser Load (0.2ms)[0m  [1m[34mSELECT "users".* FROM "users" WHERE "users"."id" = ? ORDER BY "users"."id" ASC LIMIT ?[0m  [["id", 1], ["LIMIT", 1]]
  [1m[35m (0.1ms)[0m  [1m[36mbegin transaction[0m
  [1m[36mUser Update (0.4ms)[0m  [1m[33mUPDATE "users" SET "remember_created_at" = ?, "updated_at" = ? WHERE "users"."id" = ?[0m  [["remember_created_at", nil], ["updated_at", "2023-01-12 21:08:24.190548"], ["id", 1]]
  [1m[35m (5.9ms)[0m  [1m[36mcommit transaction[0m
Redirected to https://localhost-dragstark-1abcd.paiza-user-free.cloud:3000/
Completed 302 Found in 18ms (ActiveRecord: 6.5ms | Allocations: 7592)


Started GET "/" for 127.0.0.1 at 2023-01-12 21:08:24 +0000
Processing by StaticPagesController#home as HTML
  Rendering static_pages/home.html.erb within layouts/application
  Rendered static_pages/home.html.erb within layouts/application (Duration: 0.2ms | Allocations: 49)
[Webpacker] Everything's up-to-date. Nothing to do
Completed 200 OK in 8ms (Views: 6.9ms | ActiveRecord: 0.0ms | Allocations: 4011)


Started GET "/books" for 127.0.0.1 at 2023-01-12 21:08:25 +0000
Processing by BooksController#index as HTML
Completed 401 Unauthorized in 1ms (ActiveRecord: 0.0ms | Allocations: 312)


Started GET "/users/sign_in" for 127.0.0.1 at 2023-01-12 21:08:25 +0000
Processing by Devise::SessionsController#new as HTML
  Rendering /usr/local/rbenv/versions/2.7.0/lib/ruby/gems/2.7.0/gems/devise-4.8.1/app/views/devise/sessions/new.html.erb within layouts/application
  Rendered /usr/local/rbenv/versions/2.7.0/lib/ruby/gems/2.7.0/gems/devise-4.8.1/app/views/devise/shared/_links.html.erb (Duration: 0.5ms | Allocations: 160)
  Rendered /usr/local/rbenv/versions/2.7.0/lib/ruby/gems/2.7.0/gems/devise-4.8.1/app/views/devise/sessions/new.html.erb within layouts/application (Duration: 5.1ms | Allocations: 1345)
[Webpacker] Everything's up-to-date. Nothing to do
Completed 200 OK in 14ms (Views: 12.4ms | ActiveRecord: 0.0ms | Allocations: 5396)


